ARM GAS  /var/folders/lp/0dm50ddn51vc39svyzv_6fp00000gn/T//ccPQEcwo.s 			page 1


   1              		.syntax unified
   2              		.cpu cortex-m3
   3              		.fpu softvfp
   4              		.eabi_attribute 20, 1	@ Tag_ABI_FP_denormal
   5              		.eabi_attribute 21, 1	@ Tag_ABI_FP_exceptions
   6              		.eabi_attribute 23, 3	@ Tag_ABI_FP_number_model
   7              		.eabi_attribute 24, 1	@ Tag_ABI_align8_needed
   8              		.eabi_attribute 25, 1	@ Tag_ABI_align8_preserved
   9              		.eabi_attribute 26, 1	@ Tag_ABI_enum_size
  10              		.eabi_attribute 30, 4	@ Tag_ABI_optimization_goals
  11              		.eabi_attribute 34, 1	@ Tag_CPU_unaligned_access
  12              		.eabi_attribute 18, 4	@ Tag_ABI_PCS_wchar_t
  13              		.file	"stm32f10x_exti.c"
  14              	@ GNU C11 (GNU Tools for ARM Embedded Processors) version 5.4.1 20160919 (release) [ARM/embedded-5-
  15              	@	compiled by GNU C version 4.2.1 (Based on Apple Inc. build 5658) (LLVM build 2336.9.00), GMP vers
  16              	@ GGC heuristics: --param ggc-min-expand=100 --param ggc-min-heapsize=131072
  17              	@ options passed:  -I . -I ./user -I ./Libraries/CMSIS/CM3/CoreSupport
  18              	@ -I ./Libraries/CMSIS/CM3/DeviceSupport/ST/STM32F10x
  19              	@ -I ./Libraries/STM32F10x_StdPeriph_Driver/inc
  20              	@ -I ./Libraries/STM32F10x_StdPeriph_Driver -imultilib armv7-m
  21              	@ -iprefix /usr/local/share/gcc-arm-none-eabi-5_4-2016q3/bin/../lib/gcc/arm-none-eabi/5.4.1/
  22              	@ -isysroot /usr/local/share/gcc-arm-none-eabi-5_4-2016q3/bin/../arm-none-eabi
  23              	@ -D__USES_INITFINI__ -D STM32F10X_MD_VL -D USE_STDPERIPH_DRIVER
  24              	@ -D HSE_VALUE=8000000 -D RUN_FROM_FLASH=1
  25              	@ Libraries/STM32F10x_StdPeriph_Driver/src/stm32f10x_exti.c -mcpu=cortex-m3
  26              	@ -mthumb
  27              	@ -auxbase-strip Libraries/STM32F10x_StdPeriph_Driver/src/stm32f10x_exti.o
  28              	@ -g -gdwarf-2 -Os -Wall -fomit-frame-pointer -fverbose-asm
  29              	@ options enabled:  -faggressive-loop-optimizations -falign-functions
  30              	@ -falign-jumps -falign-labels -falign-loops -fauto-inc-dec
  31              	@ -fbranch-count-reg -fcaller-saves -fchkp-check-incomplete-type
  32              	@ -fchkp-check-read -fchkp-check-write -fchkp-instrument-calls
  33              	@ -fchkp-narrow-bounds -fchkp-optimize -fchkp-store-bounds
  34              	@ -fchkp-use-static-bounds -fchkp-use-static-const-bounds
  35              	@ -fchkp-use-wrappers -fcombine-stack-adjustments -fcommon -fcompare-elim
  36              	@ -fcprop-registers -fcrossjumping -fcse-follow-jumps -fdefer-pop
  37              	@ -fdelete-null-pointer-checks -fdevirtualize -fdevirtualize-speculatively
  38              	@ -fdwarf2-cfi-asm -fearly-inlining -feliminate-unused-debug-types
  39              	@ -fexpensive-optimizations -fforward-propagate -ffunction-cse -fgcse
  40              	@ -fgcse-lm -fgnu-runtime -fgnu-unique -fguess-branch-probability
  41              	@ -fhoist-adjacent-loads -fident -fif-conversion -fif-conversion2
  42              	@ -findirect-inlining -finline -finline-atomics -finline-functions
  43              	@ -finline-functions-called-once -finline-small-functions -fipa-cp
  44              	@ -fipa-cp-alignment -fipa-icf -fipa-icf-functions -fipa-icf-variables
  45              	@ -fipa-profile -fipa-pure-const -fipa-ra -fipa-reference -fipa-sra
  46              	@ -fira-hoist-pressure -fira-share-save-slots -fira-share-spill-slots
  47              	@ -fisolate-erroneous-paths-dereference -fivopts -fkeep-static-consts
  48              	@ -fleading-underscore -flifetime-dse -flra-remat -flto-odr-type-merging
  49              	@ -fmath-errno -fmerge-constants -fmerge-debug-strings
  50              	@ -fmove-loop-invariants -fomit-frame-pointer -foptimize-sibling-calls
  51              	@ -fpartial-inlining -fpeephole -fpeephole2 -fprefetch-loop-arrays
  52              	@ -freg-struct-return -freorder-blocks -freorder-functions
  53              	@ -frerun-cse-after-loop -fsched-critical-path-heuristic
  54              	@ -fsched-dep-count-heuristic -fsched-group-heuristic -fsched-interblock
  55              	@ -fsched-last-insn-heuristic -fsched-pressure -fsched-rank-heuristic
  56              	@ -fsched-spec -fsched-spec-insn-heuristic -fsched-stalled-insns-dep
  57              	@ -fschedule-insns2 -fsection-anchors -fsemantic-interposition
ARM GAS  /var/folders/lp/0dm50ddn51vc39svyzv_6fp00000gn/T//ccPQEcwo.s 			page 2


  58              	@ -fshow-column -fsigned-zeros -fsplit-ivs-in-unroller -fsplit-wide-types
  59              	@ -fssa-phiopt -fstdarg-opt -fstrict-aliasing -fstrict-overflow
  60              	@ -fstrict-volatile-bitfields -fsync-libcalls -fthread-jumps
  61              	@ -ftoplevel-reorder -ftrapping-math -ftree-bit-ccp -ftree-builtin-call-dce
  62              	@ -ftree-ccp -ftree-ch -ftree-coalesce-vars -ftree-copy-prop
  63              	@ -ftree-copyrename -ftree-cselim -ftree-dce -ftree-dominator-opts
  64              	@ -ftree-dse -ftree-forwprop -ftree-fre -ftree-loop-if-convert
  65              	@ -ftree-loop-im -ftree-loop-ivcanon -ftree-loop-optimize
  66              	@ -ftree-parallelize-loops= -ftree-phiprop -ftree-pre -ftree-pta
  67              	@ -ftree-reassoc -ftree-scev-cprop -ftree-sink -ftree-slsr -ftree-sra
  68              	@ -ftree-switch-conversion -ftree-tail-merge -ftree-ter -ftree-vrp
  69              	@ -funit-at-a-time -fvar-tracking -fvar-tracking-assignments -fverbose-asm
  70              	@ -fzero-initialized-in-bss -masm-syntax-unified -mfix-cortex-m3-ldrd
  71              	@ -mlittle-endian -mpic-data-is-text-relative -msched-prolog -mthumb
  72              	@ -munaligned-access -mvectorize-with-neon-quad
  73              	
  74              		.text
  75              	.Ltext0:
  76              		.cfi_sections	.debug_frame
  77              		.align	1
  78              		.global	EXTI_DeInit
  79              		.thumb
  80              		.thumb_func
  81              		.type	EXTI_DeInit, %function
  82              	EXTI_DeInit:
  83              	.LFB29:
  84              		.file 1 "Libraries/STM32F10x_StdPeriph_Driver/src/stm32f10x_exti.c"
   1:Libraries/STM32F10x_StdPeriph_Driver/src/stm32f10x_exti.c **** /**
   2:Libraries/STM32F10x_StdPeriph_Driver/src/stm32f10x_exti.c ****   ******************************************************************************
   3:Libraries/STM32F10x_StdPeriph_Driver/src/stm32f10x_exti.c ****   * @file    stm32f10x_exti.c
   4:Libraries/STM32F10x_StdPeriph_Driver/src/stm32f10x_exti.c ****   * @author  MCD Application Team
   5:Libraries/STM32F10x_StdPeriph_Driver/src/stm32f10x_exti.c ****   * @version V3.5.0
   6:Libraries/STM32F10x_StdPeriph_Driver/src/stm32f10x_exti.c ****   * @date    11-March-2011
   7:Libraries/STM32F10x_StdPeriph_Driver/src/stm32f10x_exti.c ****   * @brief   This file provides all the EXTI firmware functions.
   8:Libraries/STM32F10x_StdPeriph_Driver/src/stm32f10x_exti.c ****   ******************************************************************************
   9:Libraries/STM32F10x_StdPeriph_Driver/src/stm32f10x_exti.c ****   * @attention
  10:Libraries/STM32F10x_StdPeriph_Driver/src/stm32f10x_exti.c ****   *
  11:Libraries/STM32F10x_StdPeriph_Driver/src/stm32f10x_exti.c ****   * THE PRESENT FIRMWARE WHICH IS FOR GUIDANCE ONLY AIMS AT PROVIDING CUSTOMERS
  12:Libraries/STM32F10x_StdPeriph_Driver/src/stm32f10x_exti.c ****   * WITH CODING INFORMATION REGARDING THEIR PRODUCTS IN ORDER FOR THEM TO SAVE
  13:Libraries/STM32F10x_StdPeriph_Driver/src/stm32f10x_exti.c ****   * TIME. AS A RESULT, STMICROELECTRONICS SHALL NOT BE HELD LIABLE FOR ANY
  14:Libraries/STM32F10x_StdPeriph_Driver/src/stm32f10x_exti.c ****   * DIRECT, INDIRECT OR CONSEQUENTIAL DAMAGES WITH RESPECT TO ANY CLAIMS ARISING
  15:Libraries/STM32F10x_StdPeriph_Driver/src/stm32f10x_exti.c ****   * FROM THE CONTENT OF SUCH FIRMWARE AND/OR THE USE MADE BY CUSTOMERS OF THE
  16:Libraries/STM32F10x_StdPeriph_Driver/src/stm32f10x_exti.c ****   * CODING INFORMATION CONTAINED HEREIN IN CONNECTION WITH THEIR PRODUCTS.
  17:Libraries/STM32F10x_StdPeriph_Driver/src/stm32f10x_exti.c ****   *
  18:Libraries/STM32F10x_StdPeriph_Driver/src/stm32f10x_exti.c ****   * <h2><center>&copy; COPYRIGHT 2011 STMicroelectronics</center></h2>
  19:Libraries/STM32F10x_StdPeriph_Driver/src/stm32f10x_exti.c ****   ******************************************************************************
  20:Libraries/STM32F10x_StdPeriph_Driver/src/stm32f10x_exti.c ****   */
  21:Libraries/STM32F10x_StdPeriph_Driver/src/stm32f10x_exti.c **** 
  22:Libraries/STM32F10x_StdPeriph_Driver/src/stm32f10x_exti.c **** /* Includes ------------------------------------------------------------------*/
  23:Libraries/STM32F10x_StdPeriph_Driver/src/stm32f10x_exti.c **** #include "stm32f10x_exti.h"
  24:Libraries/STM32F10x_StdPeriph_Driver/src/stm32f10x_exti.c **** 
  25:Libraries/STM32F10x_StdPeriph_Driver/src/stm32f10x_exti.c **** /** @addtogroup STM32F10x_StdPeriph_Driver
  26:Libraries/STM32F10x_StdPeriph_Driver/src/stm32f10x_exti.c ****   * @{
  27:Libraries/STM32F10x_StdPeriph_Driver/src/stm32f10x_exti.c ****   */
  28:Libraries/STM32F10x_StdPeriph_Driver/src/stm32f10x_exti.c **** 
  29:Libraries/STM32F10x_StdPeriph_Driver/src/stm32f10x_exti.c **** /** @defgroup EXTI 
  30:Libraries/STM32F10x_StdPeriph_Driver/src/stm32f10x_exti.c ****   * @brief EXTI driver modules
ARM GAS  /var/folders/lp/0dm50ddn51vc39svyzv_6fp00000gn/T//ccPQEcwo.s 			page 3


  31:Libraries/STM32F10x_StdPeriph_Driver/src/stm32f10x_exti.c ****   * @{
  32:Libraries/STM32F10x_StdPeriph_Driver/src/stm32f10x_exti.c ****   */
  33:Libraries/STM32F10x_StdPeriph_Driver/src/stm32f10x_exti.c **** 
  34:Libraries/STM32F10x_StdPeriph_Driver/src/stm32f10x_exti.c **** /** @defgroup EXTI_Private_TypesDefinitions
  35:Libraries/STM32F10x_StdPeriph_Driver/src/stm32f10x_exti.c ****   * @{
  36:Libraries/STM32F10x_StdPeriph_Driver/src/stm32f10x_exti.c ****   */
  37:Libraries/STM32F10x_StdPeriph_Driver/src/stm32f10x_exti.c **** 
  38:Libraries/STM32F10x_StdPeriph_Driver/src/stm32f10x_exti.c **** /**
  39:Libraries/STM32F10x_StdPeriph_Driver/src/stm32f10x_exti.c ****   * @}
  40:Libraries/STM32F10x_StdPeriph_Driver/src/stm32f10x_exti.c ****   */
  41:Libraries/STM32F10x_StdPeriph_Driver/src/stm32f10x_exti.c **** 
  42:Libraries/STM32F10x_StdPeriph_Driver/src/stm32f10x_exti.c **** /** @defgroup EXTI_Private_Defines
  43:Libraries/STM32F10x_StdPeriph_Driver/src/stm32f10x_exti.c ****   * @{
  44:Libraries/STM32F10x_StdPeriph_Driver/src/stm32f10x_exti.c ****   */
  45:Libraries/STM32F10x_StdPeriph_Driver/src/stm32f10x_exti.c **** 
  46:Libraries/STM32F10x_StdPeriph_Driver/src/stm32f10x_exti.c **** #define EXTI_LINENONE    ((uint32_t)0x00000)  /* No interrupt selected */
  47:Libraries/STM32F10x_StdPeriph_Driver/src/stm32f10x_exti.c **** 
  48:Libraries/STM32F10x_StdPeriph_Driver/src/stm32f10x_exti.c **** /**
  49:Libraries/STM32F10x_StdPeriph_Driver/src/stm32f10x_exti.c ****   * @}
  50:Libraries/STM32F10x_StdPeriph_Driver/src/stm32f10x_exti.c ****   */
  51:Libraries/STM32F10x_StdPeriph_Driver/src/stm32f10x_exti.c **** 
  52:Libraries/STM32F10x_StdPeriph_Driver/src/stm32f10x_exti.c **** /** @defgroup EXTI_Private_Macros
  53:Libraries/STM32F10x_StdPeriph_Driver/src/stm32f10x_exti.c ****   * @{
  54:Libraries/STM32F10x_StdPeriph_Driver/src/stm32f10x_exti.c ****   */
  55:Libraries/STM32F10x_StdPeriph_Driver/src/stm32f10x_exti.c **** 
  56:Libraries/STM32F10x_StdPeriph_Driver/src/stm32f10x_exti.c **** /**
  57:Libraries/STM32F10x_StdPeriph_Driver/src/stm32f10x_exti.c ****   * @}
  58:Libraries/STM32F10x_StdPeriph_Driver/src/stm32f10x_exti.c ****   */
  59:Libraries/STM32F10x_StdPeriph_Driver/src/stm32f10x_exti.c **** 
  60:Libraries/STM32F10x_StdPeriph_Driver/src/stm32f10x_exti.c **** /** @defgroup EXTI_Private_Variables
  61:Libraries/STM32F10x_StdPeriph_Driver/src/stm32f10x_exti.c ****   * @{
  62:Libraries/STM32F10x_StdPeriph_Driver/src/stm32f10x_exti.c ****   */
  63:Libraries/STM32F10x_StdPeriph_Driver/src/stm32f10x_exti.c **** 
  64:Libraries/STM32F10x_StdPeriph_Driver/src/stm32f10x_exti.c **** /**
  65:Libraries/STM32F10x_StdPeriph_Driver/src/stm32f10x_exti.c ****   * @}
  66:Libraries/STM32F10x_StdPeriph_Driver/src/stm32f10x_exti.c ****   */
  67:Libraries/STM32F10x_StdPeriph_Driver/src/stm32f10x_exti.c **** 
  68:Libraries/STM32F10x_StdPeriph_Driver/src/stm32f10x_exti.c **** /** @defgroup EXTI_Private_FunctionPrototypes
  69:Libraries/STM32F10x_StdPeriph_Driver/src/stm32f10x_exti.c ****   * @{
  70:Libraries/STM32F10x_StdPeriph_Driver/src/stm32f10x_exti.c ****   */
  71:Libraries/STM32F10x_StdPeriph_Driver/src/stm32f10x_exti.c **** 
  72:Libraries/STM32F10x_StdPeriph_Driver/src/stm32f10x_exti.c **** /**
  73:Libraries/STM32F10x_StdPeriph_Driver/src/stm32f10x_exti.c ****   * @}
  74:Libraries/STM32F10x_StdPeriph_Driver/src/stm32f10x_exti.c ****   */
  75:Libraries/STM32F10x_StdPeriph_Driver/src/stm32f10x_exti.c **** 
  76:Libraries/STM32F10x_StdPeriph_Driver/src/stm32f10x_exti.c **** /** @defgroup EXTI_Private_Functions
  77:Libraries/STM32F10x_StdPeriph_Driver/src/stm32f10x_exti.c ****   * @{
  78:Libraries/STM32F10x_StdPeriph_Driver/src/stm32f10x_exti.c ****   */
  79:Libraries/STM32F10x_StdPeriph_Driver/src/stm32f10x_exti.c **** 
  80:Libraries/STM32F10x_StdPeriph_Driver/src/stm32f10x_exti.c **** /**
  81:Libraries/STM32F10x_StdPeriph_Driver/src/stm32f10x_exti.c ****   * @brief  Deinitializes the EXTI peripheral registers to their default reset values.
  82:Libraries/STM32F10x_StdPeriph_Driver/src/stm32f10x_exti.c ****   * @param  None
  83:Libraries/STM32F10x_StdPeriph_Driver/src/stm32f10x_exti.c ****   * @retval None
  84:Libraries/STM32F10x_StdPeriph_Driver/src/stm32f10x_exti.c ****   */
  85:Libraries/STM32F10x_StdPeriph_Driver/src/stm32f10x_exti.c **** void EXTI_DeInit(void)
  86:Libraries/STM32F10x_StdPeriph_Driver/src/stm32f10x_exti.c **** {
  85              		.loc 1 86 0
ARM GAS  /var/folders/lp/0dm50ddn51vc39svyzv_6fp00000gn/T//ccPQEcwo.s 			page 4


  86              		.cfi_startproc
  87              		@ args = 0, pretend = 0, frame = 0
  88              		@ frame_needed = 0, uses_anonymous_args = 0
  89              		@ link register save eliminated.
  87:Libraries/STM32F10x_StdPeriph_Driver/src/stm32f10x_exti.c ****   EXTI->IMR = 0x00000000;
  90              		.loc 1 87 0
  91 0000 044B     		ldr	r3, .L2	@ tmp110,
  92 0002 0022     		movs	r2, #0	@ tmp111,
  93 0004 1A60     		str	r2, [r3]	@ tmp111, MEM[(struct EXTI_TypeDef *)1073808384B].IMR
  88:Libraries/STM32F10x_StdPeriph_Driver/src/stm32f10x_exti.c ****   EXTI->EMR = 0x00000000;
  94              		.loc 1 88 0
  95 0006 5A60     		str	r2, [r3, #4]	@ tmp111, MEM[(struct EXTI_TypeDef *)1073808384B].EMR
  89:Libraries/STM32F10x_StdPeriph_Driver/src/stm32f10x_exti.c ****   EXTI->RTSR = 0x00000000; 
  96              		.loc 1 89 0
  97 0008 9A60     		str	r2, [r3, #8]	@ tmp111, MEM[(struct EXTI_TypeDef *)1073808384B].RTSR
  90:Libraries/STM32F10x_StdPeriph_Driver/src/stm32f10x_exti.c ****   EXTI->FTSR = 0x00000000; 
  98              		.loc 1 90 0
  99 000a DA60     		str	r2, [r3, #12]	@ tmp111, MEM[(struct EXTI_TypeDef *)1073808384B].FTSR
  91:Libraries/STM32F10x_StdPeriph_Driver/src/stm32f10x_exti.c ****   EXTI->PR = 0x000FFFFF;
 100              		.loc 1 91 0
 101 000c 024A     		ldr	r2, .L2+4	@ tmp119,
 102 000e 5A61     		str	r2, [r3, #20]	@ tmp119, MEM[(struct EXTI_TypeDef *)1073808384B].PR
 103 0010 7047     		bx	lr	@
 104              	.L3:
 105 0012 00BF     		.align	2
 106              	.L2:
 107 0014 00040140 		.word	1073808384
 108 0018 FFFF0F00 		.word	1048575
 109              		.cfi_endproc
 110              	.LFE29:
 111              		.size	EXTI_DeInit, .-EXTI_DeInit
 112              		.align	1
 113              		.global	EXTI_Init
 114              		.thumb
 115              		.thumb_func
 116              		.type	EXTI_Init, %function
 117              	EXTI_Init:
 118              	.LFB30:
  92:Libraries/STM32F10x_StdPeriph_Driver/src/stm32f10x_exti.c **** }
  93:Libraries/STM32F10x_StdPeriph_Driver/src/stm32f10x_exti.c **** 
  94:Libraries/STM32F10x_StdPeriph_Driver/src/stm32f10x_exti.c **** /**
  95:Libraries/STM32F10x_StdPeriph_Driver/src/stm32f10x_exti.c ****   * @brief  Initializes the EXTI peripheral according to the specified
  96:Libraries/STM32F10x_StdPeriph_Driver/src/stm32f10x_exti.c ****   *         parameters in the EXTI_InitStruct.
  97:Libraries/STM32F10x_StdPeriph_Driver/src/stm32f10x_exti.c ****   * @param  EXTI_InitStruct: pointer to a EXTI_InitTypeDef structure
  98:Libraries/STM32F10x_StdPeriph_Driver/src/stm32f10x_exti.c ****   *         that contains the configuration information for the EXTI peripheral.
  99:Libraries/STM32F10x_StdPeriph_Driver/src/stm32f10x_exti.c ****   * @retval None
 100:Libraries/STM32F10x_StdPeriph_Driver/src/stm32f10x_exti.c ****   */
 101:Libraries/STM32F10x_StdPeriph_Driver/src/stm32f10x_exti.c **** void EXTI_Init(EXTI_InitTypeDef* EXTI_InitStruct)
 102:Libraries/STM32F10x_StdPeriph_Driver/src/stm32f10x_exti.c **** {
 119              		.loc 1 102 0
 120              		.cfi_startproc
 121              		@ args = 0, pretend = 0, frame = 0
 122              		@ frame_needed = 0, uses_anonymous_args = 0
 123              	.LVL0:
 103:Libraries/STM32F10x_StdPeriph_Driver/src/stm32f10x_exti.c ****   uint32_t tmp = 0;
 104:Libraries/STM32F10x_StdPeriph_Driver/src/stm32f10x_exti.c **** 
 105:Libraries/STM32F10x_StdPeriph_Driver/src/stm32f10x_exti.c ****   /* Check the parameters */
ARM GAS  /var/folders/lp/0dm50ddn51vc39svyzv_6fp00000gn/T//ccPQEcwo.s 			page 5


 106:Libraries/STM32F10x_StdPeriph_Driver/src/stm32f10x_exti.c ****   assert_param(IS_EXTI_MODE(EXTI_InitStruct->EXTI_Mode));
 107:Libraries/STM32F10x_StdPeriph_Driver/src/stm32f10x_exti.c ****   assert_param(IS_EXTI_TRIGGER(EXTI_InitStruct->EXTI_Trigger));
 108:Libraries/STM32F10x_StdPeriph_Driver/src/stm32f10x_exti.c ****   assert_param(IS_EXTI_LINE(EXTI_InitStruct->EXTI_Line));  
 109:Libraries/STM32F10x_StdPeriph_Driver/src/stm32f10x_exti.c ****   assert_param(IS_FUNCTIONAL_STATE(EXTI_InitStruct->EXTI_LineCmd));
 110:Libraries/STM32F10x_StdPeriph_Driver/src/stm32f10x_exti.c **** 
 111:Libraries/STM32F10x_StdPeriph_Driver/src/stm32f10x_exti.c ****   tmp = (uint32_t)EXTI_BASE;
 112:Libraries/STM32F10x_StdPeriph_Driver/src/stm32f10x_exti.c ****      
 113:Libraries/STM32F10x_StdPeriph_Driver/src/stm32f10x_exti.c ****   if (EXTI_InitStruct->EXTI_LineCmd != DISABLE)
 124              		.loc 1 113 0
 125 001c 8279     		ldrb	r2, [r0, #6]	@ zero_extendqisi2	@ EXTI_InitStruct_3(D)->EXTI_LineCmd, EXTI_InitStruct_3(D)->E
 102:Libraries/STM32F10x_StdPeriph_Driver/src/stm32f10x_exti.c ****   uint32_t tmp = 0;
 126              		.loc 1 102 0
 127 001e 70B5     		push	{r4, r5, r6, lr}	@
 128              	.LCFI0:
 129              		.cfi_def_cfa_offset 16
 130              		.cfi_offset 4, -16
 131              		.cfi_offset 5, -12
 132              		.cfi_offset 6, -8
 133              		.cfi_offset 14, -4
 134 0020 0168     		ldr	r1, [r0]	@ EXTI_InitStruct_3(D)->EXTI_Line, EXTI_InitStruct_3(D)->EXTI_Line
 135 0022 0379     		ldrb	r3, [r0, #4]	@ zero_extendqisi2	@ D.6656, EXTI_InitStruct_3(D)->EXTI_Mode
 136              		.loc 1 113 0
 137 0024 42B3     		cbz	r2, .L5	@ EXTI_InitStruct_3(D)->EXTI_LineCmd,
 114:Libraries/STM32F10x_StdPeriph_Driver/src/stm32f10x_exti.c ****   {
 115:Libraries/STM32F10x_StdPeriph_Driver/src/stm32f10x_exti.c ****     /* Clear EXTI line configuration */
 116:Libraries/STM32F10x_StdPeriph_Driver/src/stm32f10x_exti.c ****     EXTI->IMR &= ~EXTI_InitStruct->EXTI_Line;
 138              		.loc 1 116 0
 139 0026 CE43     		mvns	r6, r1	@ D.6656, EXTI_InitStruct_3(D)->EXTI_Line
 140 0028 184A     		ldr	r2, .L9	@ tmp149,
 117:Libraries/STM32F10x_StdPeriph_Driver/src/stm32f10x_exti.c ****     EXTI->EMR &= ~EXTI_InitStruct->EXTI_Line;
 118:Libraries/STM32F10x_StdPeriph_Driver/src/stm32f10x_exti.c ****     
 119:Libraries/STM32F10x_StdPeriph_Driver/src/stm32f10x_exti.c ****     tmp += EXTI_InitStruct->EXTI_Mode;
 120:Libraries/STM32F10x_StdPeriph_Driver/src/stm32f10x_exti.c **** 
 121:Libraries/STM32F10x_StdPeriph_Driver/src/stm32f10x_exti.c ****     *(__IO uint32_t *) tmp |= EXTI_InitStruct->EXTI_Line;
 141              		.loc 1 121 0
 142 002a 03F18043 		add	r3, r3, #1073741824	@ D.6658, D.6656,
 116:Libraries/STM32F10x_StdPeriph_Driver/src/stm32f10x_exti.c ****     EXTI->EMR &= ~EXTI_InitStruct->EXTI_Line;
 143              		.loc 1 116 0
 144 002e 1568     		ldr	r5, [r2]	@ D.6656, MEM[(struct EXTI_TypeDef *)1073808384B].IMR
 145              		.loc 1 121 0
 146 0030 03F58233 		add	r3, r3, #66560	@ D.6658, D.6658,
 116:Libraries/STM32F10x_StdPeriph_Driver/src/stm32f10x_exti.c ****     EXTI->EMR &= ~EXTI_InitStruct->EXTI_Line;
 147              		.loc 1 116 0
 148 0034 3540     		ands	r5, r5, r6	@, D.6656, D.6656, D.6656
 149 0036 1560     		str	r5, [r2]	@ D.6656, MEM[(struct EXTI_TypeDef *)1073808384B].IMR
 117:Libraries/STM32F10x_StdPeriph_Driver/src/stm32f10x_exti.c ****     EXTI->EMR &= ~EXTI_InitStruct->EXTI_Line;
 150              		.loc 1 117 0
 151 0038 5468     		ldr	r4, [r2, #4]	@ D.6656, MEM[(struct EXTI_TypeDef *)1073808384B].EMR
 152 003a 3440     		ands	r4, r4, r6	@, D.6656, D.6656, D.6656
 153 003c 5460     		str	r4, [r2, #4]	@ D.6656, MEM[(struct EXTI_TypeDef *)1073808384B].EMR
 154              	.LVL1:
 155              		.loc 1 121 0
 156 003e 1C68     		ldr	r4, [r3]	@ D.6656, *_16
 157 0040 2143     		orrs	r1, r1, r4	@, D.6656, EXTI_InitStruct_3(D)->EXTI_Line, D.6656
 158 0042 1960     		str	r1, [r3]	@ D.6656, *_16
 159              	.LVL2:
 122:Libraries/STM32F10x_StdPeriph_Driver/src/stm32f10x_exti.c **** 
ARM GAS  /var/folders/lp/0dm50ddn51vc39svyzv_6fp00000gn/T//ccPQEcwo.s 			page 6


 123:Libraries/STM32F10x_StdPeriph_Driver/src/stm32f10x_exti.c ****     /* Clear Rising Falling edge configuration */
 124:Libraries/STM32F10x_StdPeriph_Driver/src/stm32f10x_exti.c ****     EXTI->RTSR &= ~EXTI_InitStruct->EXTI_Line;
 160              		.loc 1 124 0
 161 0044 0168     		ldr	r1, [r0]	@ D.6656, EXTI_InitStruct_3(D)->EXTI_Line
 162 0046 9468     		ldr	r4, [r2, #8]	@ D.6656, MEM[(struct EXTI_TypeDef *)1073808384B].RTSR
 163 0048 CD43     		mvns	r5, r1	@ D.6656, D.6656
 164 004a 2C40     		ands	r4, r4, r5	@, D.6656, D.6656, D.6656
 165 004c 9460     		str	r4, [r2, #8]	@ D.6656, MEM[(struct EXTI_TypeDef *)1073808384B].RTSR
 125:Libraries/STM32F10x_StdPeriph_Driver/src/stm32f10x_exti.c ****     EXTI->FTSR &= ~EXTI_InitStruct->EXTI_Line;
 166              		.loc 1 125 0
 167 004e D368     		ldr	r3, [r2, #12]	@ D.6656, MEM[(struct EXTI_TypeDef *)1073808384B].FTSR
 168 0050 2B40     		ands	r3, r3, r5	@, D.6656, D.6656, D.6656
 169 0052 D360     		str	r3, [r2, #12]	@ D.6656, MEM[(struct EXTI_TypeDef *)1073808384B].FTSR
 126:Libraries/STM32F10x_StdPeriph_Driver/src/stm32f10x_exti.c ****     
 127:Libraries/STM32F10x_StdPeriph_Driver/src/stm32f10x_exti.c ****     /* Select the trigger for the selected external interrupts */
 128:Libraries/STM32F10x_StdPeriph_Driver/src/stm32f10x_exti.c ****     if (EXTI_InitStruct->EXTI_Trigger == EXTI_Trigger_Rising_Falling)
 170              		.loc 1 128 0
 171 0054 4379     		ldrb	r3, [r0, #5]	@ zero_extendqisi2	@ D.6659, EXTI_InitStruct_3(D)->EXTI_Trigger
 172 0056 102B     		cmp	r3, #16	@ D.6659,
 173 0058 06D1     		bne	.L6	@,
 129:Libraries/STM32F10x_StdPeriph_Driver/src/stm32f10x_exti.c ****     {
 130:Libraries/STM32F10x_StdPeriph_Driver/src/stm32f10x_exti.c ****       /* Rising Falling edge */
 131:Libraries/STM32F10x_StdPeriph_Driver/src/stm32f10x_exti.c ****       EXTI->RTSR |= EXTI_InitStruct->EXTI_Line;
 174              		.loc 1 131 0
 175 005a 9368     		ldr	r3, [r2, #8]	@ D.6656, MEM[(struct EXTI_TypeDef *)1073808384B].RTSR
 176 005c 0B43     		orrs	r3, r3, r1	@, D.6656, D.6656, D.6656
 177 005e 9360     		str	r3, [r2, #8]	@ D.6656, MEM[(struct EXTI_TypeDef *)1073808384B].RTSR
 132:Libraries/STM32F10x_StdPeriph_Driver/src/stm32f10x_exti.c ****       EXTI->FTSR |= EXTI_InitStruct->EXTI_Line;
 178              		.loc 1 132 0
 179 0060 D368     		ldr	r3, [r2, #12]	@ D.6656, MEM[(struct EXTI_TypeDef *)1073808384B].FTSR
 180 0062 1943     		orrs	r1, r1, r3	@, D.6656, D.6656, D.6656
 181 0064 D160     		str	r1, [r2, #12]	@ D.6656, MEM[(struct EXTI_TypeDef *)1073808384B].FTSR
 182 0066 70BD     		pop	{r4, r5, r6, pc}	@
 183              	.L6:
 184              	.LVL3:
 133:Libraries/STM32F10x_StdPeriph_Driver/src/stm32f10x_exti.c ****     }
 134:Libraries/STM32F10x_StdPeriph_Driver/src/stm32f10x_exti.c ****     else
 135:Libraries/STM32F10x_StdPeriph_Driver/src/stm32f10x_exti.c ****     {
 136:Libraries/STM32F10x_StdPeriph_Driver/src/stm32f10x_exti.c ****       tmp = (uint32_t)EXTI_BASE;
 137:Libraries/STM32F10x_StdPeriph_Driver/src/stm32f10x_exti.c ****       tmp += EXTI_InitStruct->EXTI_Trigger;
 138:Libraries/STM32F10x_StdPeriph_Driver/src/stm32f10x_exti.c **** 
 139:Libraries/STM32F10x_StdPeriph_Driver/src/stm32f10x_exti.c ****       *(__IO uint32_t *) tmp |= EXTI_InitStruct->EXTI_Line;
 185              		.loc 1 139 0
 186 0068 03F18043 		add	r3, r3, #1073741824	@ D.6658, D.6659,
 187              	.LVL4:
 188 006c 03F58233 		add	r3, r3, #66560	@ D.6658, D.6658,
 189 0070 1A68     		ldr	r2, [r3]	@ D.6656, *_31
 190 0072 1143     		orrs	r1, r1, r2	@, D.6656, D.6656, D.6656
 191 0074 1960     		str	r1, [r3]	@ D.6656, *_31
 192 0076 70BD     		pop	{r4, r5, r6, pc}	@
 193              	.LVL5:
 194              	.L5:
 140:Libraries/STM32F10x_StdPeriph_Driver/src/stm32f10x_exti.c ****     }
 141:Libraries/STM32F10x_StdPeriph_Driver/src/stm32f10x_exti.c ****   }
 142:Libraries/STM32F10x_StdPeriph_Driver/src/stm32f10x_exti.c ****   else
 143:Libraries/STM32F10x_StdPeriph_Driver/src/stm32f10x_exti.c ****   {
 144:Libraries/STM32F10x_StdPeriph_Driver/src/stm32f10x_exti.c ****     tmp += EXTI_InitStruct->EXTI_Mode;
ARM GAS  /var/folders/lp/0dm50ddn51vc39svyzv_6fp00000gn/T//ccPQEcwo.s 			page 7


 145:Libraries/STM32F10x_StdPeriph_Driver/src/stm32f10x_exti.c **** 
 146:Libraries/STM32F10x_StdPeriph_Driver/src/stm32f10x_exti.c ****     /* Disable the selected external lines */
 147:Libraries/STM32F10x_StdPeriph_Driver/src/stm32f10x_exti.c ****     *(__IO uint32_t *) tmp &= ~EXTI_InitStruct->EXTI_Line;
 195              		.loc 1 147 0
 196 0078 03F18043 		add	r3, r3, #1073741824	@ D.6658, D.6656,
 197 007c 03F58233 		add	r3, r3, #66560	@ D.6658, D.6658,
 198 0080 1A68     		ldr	r2, [r3]	@ D.6656, *_44
 199 0082 22EA0102 		bic	r2, r2, r1	@ D.6656, D.6656, EXTI_InitStruct_3(D)->EXTI_Line
 200 0086 1A60     		str	r2, [r3]	@ D.6656, *_44
 201              	.LVL6:
 202 0088 70BD     		pop	{r4, r5, r6, pc}	@
 203              	.L10:
 204 008a 00BF     		.align	2
 205              	.L9:
 206 008c 00040140 		.word	1073808384
 207              		.cfi_endproc
 208              	.LFE30:
 209              		.size	EXTI_Init, .-EXTI_Init
 210              		.align	1
 211              		.global	EXTI_StructInit
 212              		.thumb
 213              		.thumb_func
 214              		.type	EXTI_StructInit, %function
 215              	EXTI_StructInit:
 216              	.LFB31:
 148:Libraries/STM32F10x_StdPeriph_Driver/src/stm32f10x_exti.c ****   }
 149:Libraries/STM32F10x_StdPeriph_Driver/src/stm32f10x_exti.c **** }
 150:Libraries/STM32F10x_StdPeriph_Driver/src/stm32f10x_exti.c **** 
 151:Libraries/STM32F10x_StdPeriph_Driver/src/stm32f10x_exti.c **** /**
 152:Libraries/STM32F10x_StdPeriph_Driver/src/stm32f10x_exti.c ****   * @brief  Fills each EXTI_InitStruct member with its reset value.
 153:Libraries/STM32F10x_StdPeriph_Driver/src/stm32f10x_exti.c ****   * @param  EXTI_InitStruct: pointer to a EXTI_InitTypeDef structure which will
 154:Libraries/STM32F10x_StdPeriph_Driver/src/stm32f10x_exti.c ****   *         be initialized.
 155:Libraries/STM32F10x_StdPeriph_Driver/src/stm32f10x_exti.c ****   * @retval None
 156:Libraries/STM32F10x_StdPeriph_Driver/src/stm32f10x_exti.c ****   */
 157:Libraries/STM32F10x_StdPeriph_Driver/src/stm32f10x_exti.c **** void EXTI_StructInit(EXTI_InitTypeDef* EXTI_InitStruct)
 158:Libraries/STM32F10x_StdPeriph_Driver/src/stm32f10x_exti.c **** {
 217              		.loc 1 158 0
 218              		.cfi_startproc
 219              		@ args = 0, pretend = 0, frame = 0
 220              		@ frame_needed = 0, uses_anonymous_args = 0
 221              		@ link register save eliminated.
 222              	.LVL7:
 159:Libraries/STM32F10x_StdPeriph_Driver/src/stm32f10x_exti.c ****   EXTI_InitStruct->EXTI_Line = EXTI_LINENONE;
 223              		.loc 1 159 0
 224 0090 0023     		movs	r3, #0	@ tmp111,
 160:Libraries/STM32F10x_StdPeriph_Driver/src/stm32f10x_exti.c ****   EXTI_InitStruct->EXTI_Mode = EXTI_Mode_Interrupt;
 161:Libraries/STM32F10x_StdPeriph_Driver/src/stm32f10x_exti.c ****   EXTI_InitStruct->EXTI_Trigger = EXTI_Trigger_Falling;
 225              		.loc 1 161 0
 226 0092 0C22     		movs	r2, #12	@ tmp114,
 159:Libraries/STM32F10x_StdPeriph_Driver/src/stm32f10x_exti.c ****   EXTI_InitStruct->EXTI_Line = EXTI_LINENONE;
 227              		.loc 1 159 0
 228 0094 0360     		str	r3, [r0]	@ tmp111, EXTI_InitStruct_2(D)->EXTI_Line
 160:Libraries/STM32F10x_StdPeriph_Driver/src/stm32f10x_exti.c ****   EXTI_InitStruct->EXTI_Mode = EXTI_Mode_Interrupt;
 229              		.loc 1 160 0
 230 0096 0371     		strb	r3, [r0, #4]	@ tmp111, EXTI_InitStruct_2(D)->EXTI_Mode
 231              		.loc 1 161 0
 232 0098 4271     		strb	r2, [r0, #5]	@ tmp114, EXTI_InitStruct_2(D)->EXTI_Trigger
ARM GAS  /var/folders/lp/0dm50ddn51vc39svyzv_6fp00000gn/T//ccPQEcwo.s 			page 8


 162:Libraries/STM32F10x_StdPeriph_Driver/src/stm32f10x_exti.c ****   EXTI_InitStruct->EXTI_LineCmd = DISABLE;
 233              		.loc 1 162 0
 234 009a 8371     		strb	r3, [r0, #6]	@ tmp111, EXTI_InitStruct_2(D)->EXTI_LineCmd
 235 009c 7047     		bx	lr	@
 236              		.cfi_endproc
 237              	.LFE31:
 238              		.size	EXTI_StructInit, .-EXTI_StructInit
 239              		.align	1
 240              		.global	EXTI_GenerateSWInterrupt
 241              		.thumb
 242              		.thumb_func
 243              		.type	EXTI_GenerateSWInterrupt, %function
 244              	EXTI_GenerateSWInterrupt:
 245              	.LFB32:
 163:Libraries/STM32F10x_StdPeriph_Driver/src/stm32f10x_exti.c **** }
 164:Libraries/STM32F10x_StdPeriph_Driver/src/stm32f10x_exti.c **** 
 165:Libraries/STM32F10x_StdPeriph_Driver/src/stm32f10x_exti.c **** /**
 166:Libraries/STM32F10x_StdPeriph_Driver/src/stm32f10x_exti.c ****   * @brief  Generates a Software interrupt.
 167:Libraries/STM32F10x_StdPeriph_Driver/src/stm32f10x_exti.c ****   * @param  EXTI_Line: specifies the EXTI lines to be enabled or disabled.
 168:Libraries/STM32F10x_StdPeriph_Driver/src/stm32f10x_exti.c ****   *   This parameter can be any combination of EXTI_Linex where x can be (0..19).
 169:Libraries/STM32F10x_StdPeriph_Driver/src/stm32f10x_exti.c ****   * @retval None
 170:Libraries/STM32F10x_StdPeriph_Driver/src/stm32f10x_exti.c ****   */
 171:Libraries/STM32F10x_StdPeriph_Driver/src/stm32f10x_exti.c **** void EXTI_GenerateSWInterrupt(uint32_t EXTI_Line)
 172:Libraries/STM32F10x_StdPeriph_Driver/src/stm32f10x_exti.c **** {
 246              		.loc 1 172 0
 247              		.cfi_startproc
 248              		@ args = 0, pretend = 0, frame = 0
 249              		@ frame_needed = 0, uses_anonymous_args = 0
 250              		@ link register save eliminated.
 251              	.LVL8:
 173:Libraries/STM32F10x_StdPeriph_Driver/src/stm32f10x_exti.c ****   /* Check the parameters */
 174:Libraries/STM32F10x_StdPeriph_Driver/src/stm32f10x_exti.c ****   assert_param(IS_EXTI_LINE(EXTI_Line));
 175:Libraries/STM32F10x_StdPeriph_Driver/src/stm32f10x_exti.c ****   
 176:Libraries/STM32F10x_StdPeriph_Driver/src/stm32f10x_exti.c ****   EXTI->SWIER |= EXTI_Line;
 252              		.loc 1 176 0
 253 009e 024A     		ldr	r2, .L13	@ tmp113,
 254 00a0 1369     		ldr	r3, [r2, #16]	@ D.6664, MEM[(struct EXTI_TypeDef *)1073808384B].SWIER
 255 00a2 1843     		orrs	r0, r0, r3	@, D.6664, EXTI_Line, D.6664
 256              	.LVL9:
 257 00a4 1061     		str	r0, [r2, #16]	@ D.6664, MEM[(struct EXTI_TypeDef *)1073808384B].SWIER
 258 00a6 7047     		bx	lr	@
 259              	.L14:
 260              		.align	2
 261              	.L13:
 262 00a8 00040140 		.word	1073808384
 263              		.cfi_endproc
 264              	.LFE32:
 265              		.size	EXTI_GenerateSWInterrupt, .-EXTI_GenerateSWInterrupt
 266              		.align	1
 267              		.global	EXTI_GetFlagStatus
 268              		.thumb
 269              		.thumb_func
 270              		.type	EXTI_GetFlagStatus, %function
 271              	EXTI_GetFlagStatus:
 272              	.LFB33:
 177:Libraries/STM32F10x_StdPeriph_Driver/src/stm32f10x_exti.c **** }
 178:Libraries/STM32F10x_StdPeriph_Driver/src/stm32f10x_exti.c **** 
ARM GAS  /var/folders/lp/0dm50ddn51vc39svyzv_6fp00000gn/T//ccPQEcwo.s 			page 9


 179:Libraries/STM32F10x_StdPeriph_Driver/src/stm32f10x_exti.c **** /**
 180:Libraries/STM32F10x_StdPeriph_Driver/src/stm32f10x_exti.c ****   * @brief  Checks whether the specified EXTI line flag is set or not.
 181:Libraries/STM32F10x_StdPeriph_Driver/src/stm32f10x_exti.c ****   * @param  EXTI_Line: specifies the EXTI line flag to check.
 182:Libraries/STM32F10x_StdPeriph_Driver/src/stm32f10x_exti.c ****   *   This parameter can be:
 183:Libraries/STM32F10x_StdPeriph_Driver/src/stm32f10x_exti.c ****   *     @arg EXTI_Linex: External interrupt line x where x(0..19)
 184:Libraries/STM32F10x_StdPeriph_Driver/src/stm32f10x_exti.c ****   * @retval The new state of EXTI_Line (SET or RESET).
 185:Libraries/STM32F10x_StdPeriph_Driver/src/stm32f10x_exti.c ****   */
 186:Libraries/STM32F10x_StdPeriph_Driver/src/stm32f10x_exti.c **** FlagStatus EXTI_GetFlagStatus(uint32_t EXTI_Line)
 187:Libraries/STM32F10x_StdPeriph_Driver/src/stm32f10x_exti.c **** {
 273              		.loc 1 187 0
 274              		.cfi_startproc
 275              		@ args = 0, pretend = 0, frame = 0
 276              		@ frame_needed = 0, uses_anonymous_args = 0
 277              		@ link register save eliminated.
 278              	.LVL10:
 188:Libraries/STM32F10x_StdPeriph_Driver/src/stm32f10x_exti.c ****   FlagStatus bitstatus = RESET;
 189:Libraries/STM32F10x_StdPeriph_Driver/src/stm32f10x_exti.c ****   /* Check the parameters */
 190:Libraries/STM32F10x_StdPeriph_Driver/src/stm32f10x_exti.c ****   assert_param(IS_GET_EXTI_LINE(EXTI_Line));
 191:Libraries/STM32F10x_StdPeriph_Driver/src/stm32f10x_exti.c ****   
 192:Libraries/STM32F10x_StdPeriph_Driver/src/stm32f10x_exti.c ****   if ((EXTI->PR & EXTI_Line) != (uint32_t)RESET)
 279              		.loc 1 192 0
 280 00ac 034B     		ldr	r3, .L16	@ tmp116,
 281 00ae 5B69     		ldr	r3, [r3, #20]	@ D.6667, MEM[(struct EXTI_TypeDef *)1073808384B].PR
 282              	.LVL11:
 193:Libraries/STM32F10x_StdPeriph_Driver/src/stm32f10x_exti.c ****   {
 194:Libraries/STM32F10x_StdPeriph_Driver/src/stm32f10x_exti.c ****     bitstatus = SET;
 195:Libraries/STM32F10x_StdPeriph_Driver/src/stm32f10x_exti.c ****   }
 196:Libraries/STM32F10x_StdPeriph_Driver/src/stm32f10x_exti.c ****   else
 197:Libraries/STM32F10x_StdPeriph_Driver/src/stm32f10x_exti.c ****   {
 198:Libraries/STM32F10x_StdPeriph_Driver/src/stm32f10x_exti.c ****     bitstatus = RESET;
 199:Libraries/STM32F10x_StdPeriph_Driver/src/stm32f10x_exti.c ****   }
 200:Libraries/STM32F10x_StdPeriph_Driver/src/stm32f10x_exti.c ****   return bitstatus;
 283              		.loc 1 200 0
 284 00b0 0342     		tst	r3, r0	@ D.6667, EXTI_Line
 201:Libraries/STM32F10x_StdPeriph_Driver/src/stm32f10x_exti.c **** }
 285              		.loc 1 201 0
 286 00b2 14BF     		ite	ne
 287 00b4 0120     		movne	r0, #1	@,
 288              	.LVL12:
 289 00b6 0020     		moveq	r0, #0	@,
 290 00b8 7047     		bx	lr	@
 291              	.L17:
 292 00ba 00BF     		.align	2
 293              	.L16:
 294 00bc 00040140 		.word	1073808384
 295              		.cfi_endproc
 296              	.LFE33:
 297              		.size	EXTI_GetFlagStatus, .-EXTI_GetFlagStatus
 298              		.align	1
 299              		.global	EXTI_ClearFlag
 300              		.thumb
 301              		.thumb_func
 302              		.type	EXTI_ClearFlag, %function
 303              	EXTI_ClearFlag:
 304              	.LFB38:
 305              		.cfi_startproc
 306              		@ args = 0, pretend = 0, frame = 0
ARM GAS  /var/folders/lp/0dm50ddn51vc39svyzv_6fp00000gn/T//ccPQEcwo.s 			page 10


 307              		@ frame_needed = 0, uses_anonymous_args = 0
 308              		@ link register save eliminated.
 309 00c0 014B     		ldr	r3, .L19	@ tmp111,
 310 00c2 5861     		str	r0, [r3, #20]	@ EXTI_Line, MEM[(struct EXTI_TypeDef *)1073808384B].PR
 311 00c4 7047     		bx	lr	@
 312              	.L20:
 313 00c6 00BF     		.align	2
 314              	.L19:
 315 00c8 00040140 		.word	1073808384
 316              		.cfi_endproc
 317              	.LFE38:
 318              		.size	EXTI_ClearFlag, .-EXTI_ClearFlag
 319              		.align	1
 320              		.global	EXTI_GetITStatus
 321              		.thumb
 322              		.thumb_func
 323              		.type	EXTI_GetITStatus, %function
 324              	EXTI_GetITStatus:
 325              	.LFB35:
 202:Libraries/STM32F10x_StdPeriph_Driver/src/stm32f10x_exti.c **** 
 203:Libraries/STM32F10x_StdPeriph_Driver/src/stm32f10x_exti.c **** /**
 204:Libraries/STM32F10x_StdPeriph_Driver/src/stm32f10x_exti.c ****   * @brief  Clears the EXTI's line pending flags.
 205:Libraries/STM32F10x_StdPeriph_Driver/src/stm32f10x_exti.c ****   * @param  EXTI_Line: specifies the EXTI lines flags to clear.
 206:Libraries/STM32F10x_StdPeriph_Driver/src/stm32f10x_exti.c ****   *   This parameter can be any combination of EXTI_Linex where x can be (0..19).
 207:Libraries/STM32F10x_StdPeriph_Driver/src/stm32f10x_exti.c ****   * @retval None
 208:Libraries/STM32F10x_StdPeriph_Driver/src/stm32f10x_exti.c ****   */
 209:Libraries/STM32F10x_StdPeriph_Driver/src/stm32f10x_exti.c **** void EXTI_ClearFlag(uint32_t EXTI_Line)
 210:Libraries/STM32F10x_StdPeriph_Driver/src/stm32f10x_exti.c **** {
 211:Libraries/STM32F10x_StdPeriph_Driver/src/stm32f10x_exti.c ****   /* Check the parameters */
 212:Libraries/STM32F10x_StdPeriph_Driver/src/stm32f10x_exti.c ****   assert_param(IS_EXTI_LINE(EXTI_Line));
 213:Libraries/STM32F10x_StdPeriph_Driver/src/stm32f10x_exti.c ****   
 214:Libraries/STM32F10x_StdPeriph_Driver/src/stm32f10x_exti.c ****   EXTI->PR = EXTI_Line;
 215:Libraries/STM32F10x_StdPeriph_Driver/src/stm32f10x_exti.c **** }
 216:Libraries/STM32F10x_StdPeriph_Driver/src/stm32f10x_exti.c **** 
 217:Libraries/STM32F10x_StdPeriph_Driver/src/stm32f10x_exti.c **** /**
 218:Libraries/STM32F10x_StdPeriph_Driver/src/stm32f10x_exti.c ****   * @brief  Checks whether the specified EXTI line is asserted or not.
 219:Libraries/STM32F10x_StdPeriph_Driver/src/stm32f10x_exti.c ****   * @param  EXTI_Line: specifies the EXTI line to check.
 220:Libraries/STM32F10x_StdPeriph_Driver/src/stm32f10x_exti.c ****   *   This parameter can be:
 221:Libraries/STM32F10x_StdPeriph_Driver/src/stm32f10x_exti.c ****   *     @arg EXTI_Linex: External interrupt line x where x(0..19)
 222:Libraries/STM32F10x_StdPeriph_Driver/src/stm32f10x_exti.c ****   * @retval The new state of EXTI_Line (SET or RESET).
 223:Libraries/STM32F10x_StdPeriph_Driver/src/stm32f10x_exti.c ****   */
 224:Libraries/STM32F10x_StdPeriph_Driver/src/stm32f10x_exti.c **** ITStatus EXTI_GetITStatus(uint32_t EXTI_Line)
 225:Libraries/STM32F10x_StdPeriph_Driver/src/stm32f10x_exti.c **** {
 326              		.loc 1 225 0
 327              		.cfi_startproc
 328              		@ args = 0, pretend = 0, frame = 0
 329              		@ frame_needed = 0, uses_anonymous_args = 0
 330              		@ link register save eliminated.
 331              	.LVL13:
 226:Libraries/STM32F10x_StdPeriph_Driver/src/stm32f10x_exti.c ****   ITStatus bitstatus = RESET;
 227:Libraries/STM32F10x_StdPeriph_Driver/src/stm32f10x_exti.c ****   uint32_t enablestatus = 0;
 228:Libraries/STM32F10x_StdPeriph_Driver/src/stm32f10x_exti.c ****   /* Check the parameters */
 229:Libraries/STM32F10x_StdPeriph_Driver/src/stm32f10x_exti.c ****   assert_param(IS_GET_EXTI_LINE(EXTI_Line));
 230:Libraries/STM32F10x_StdPeriph_Driver/src/stm32f10x_exti.c ****   
 231:Libraries/STM32F10x_StdPeriph_Driver/src/stm32f10x_exti.c ****   enablestatus =  EXTI->IMR & EXTI_Line;
 332              		.loc 1 231 0
 333 00cc 054B     		ldr	r3, .L24	@ tmp118,
ARM GAS  /var/folders/lp/0dm50ddn51vc39svyzv_6fp00000gn/T//ccPQEcwo.s 			page 11


 334 00ce 1A68     		ldr	r2, [r3]	@ D.6675, MEM[(struct EXTI_TypeDef *)1073808384B].IMR
 335              	.LVL14:
 232:Libraries/STM32F10x_StdPeriph_Driver/src/stm32f10x_exti.c ****   if (((EXTI->PR & EXTI_Line) != (uint32_t)RESET) && (enablestatus != (uint32_t)RESET))
 336              		.loc 1 232 0
 337 00d0 5B69     		ldr	r3, [r3, #20]	@ D.6675, MEM[(struct EXTI_TypeDef *)1073808384B].PR
 338 00d2 0340     		ands	r3, r0, r3	@ D.6675, EXTI_Line, D.6675
 339 00d4 04D0     		beq	.L23	@,
 233:Libraries/STM32F10x_StdPeriph_Driver/src/stm32f10x_exti.c ****   {
 234:Libraries/STM32F10x_StdPeriph_Driver/src/stm32f10x_exti.c ****     bitstatus = SET;
 340              		.loc 1 234 0 discriminator 1
 341 00d6 0242     		tst	r2, r0	@ D.6675, EXTI_Line
 342 00d8 14BF     		ite	ne
 343 00da 0120     		movne	r0, #1	@ bitstatus,
 344              	.LVL15:
 345 00dc 0020     		moveq	r0, #0	@ bitstatus,
 346 00de 7047     		bx	lr	@
 347              	.LVL16:
 348              	.L23:
 235:Libraries/STM32F10x_StdPeriph_Driver/src/stm32f10x_exti.c ****   }
 236:Libraries/STM32F10x_StdPeriph_Driver/src/stm32f10x_exti.c ****   else
 237:Libraries/STM32F10x_StdPeriph_Driver/src/stm32f10x_exti.c ****   {
 238:Libraries/STM32F10x_StdPeriph_Driver/src/stm32f10x_exti.c ****     bitstatus = RESET;
 349              		.loc 1 238 0
 350 00e0 1846     		mov	r0, r3	@ bitstatus, D.6675
 351              	.LVL17:
 239:Libraries/STM32F10x_StdPeriph_Driver/src/stm32f10x_exti.c ****   }
 240:Libraries/STM32F10x_StdPeriph_Driver/src/stm32f10x_exti.c ****   return bitstatus;
 241:Libraries/STM32F10x_StdPeriph_Driver/src/stm32f10x_exti.c **** }
 352              		.loc 1 241 0
 353 00e2 7047     		bx	lr	@
 354              	.L25:
 355              		.align	2
 356              	.L24:
 357 00e4 00040140 		.word	1073808384
 358              		.cfi_endproc
 359              	.LFE35:
 360              		.size	EXTI_GetITStatus, .-EXTI_GetITStatus
 361              		.align	1
 362              		.global	EXTI_ClearITPendingBit
 363              		.thumb
 364              		.thumb_func
 365              		.type	EXTI_ClearITPendingBit, %function
 366              	EXTI_ClearITPendingBit:
 367              	.LFB36:
 242:Libraries/STM32F10x_StdPeriph_Driver/src/stm32f10x_exti.c **** 
 243:Libraries/STM32F10x_StdPeriph_Driver/src/stm32f10x_exti.c **** /**
 244:Libraries/STM32F10x_StdPeriph_Driver/src/stm32f10x_exti.c ****   * @brief  Clears the EXTI's line pending bits.
 245:Libraries/STM32F10x_StdPeriph_Driver/src/stm32f10x_exti.c ****   * @param  EXTI_Line: specifies the EXTI lines to clear.
 246:Libraries/STM32F10x_StdPeriph_Driver/src/stm32f10x_exti.c ****   *   This parameter can be any combination of EXTI_Linex where x can be (0..19).
 247:Libraries/STM32F10x_StdPeriph_Driver/src/stm32f10x_exti.c ****   * @retval None
 248:Libraries/STM32F10x_StdPeriph_Driver/src/stm32f10x_exti.c ****   */
 249:Libraries/STM32F10x_StdPeriph_Driver/src/stm32f10x_exti.c **** void EXTI_ClearITPendingBit(uint32_t EXTI_Line)
 250:Libraries/STM32F10x_StdPeriph_Driver/src/stm32f10x_exti.c **** {
 368              		.loc 1 250 0
 369              		.cfi_startproc
 370              		@ args = 0, pretend = 0, frame = 0
 371              		@ frame_needed = 0, uses_anonymous_args = 0
ARM GAS  /var/folders/lp/0dm50ddn51vc39svyzv_6fp00000gn/T//ccPQEcwo.s 			page 12


 372              		@ link register save eliminated.
 373              	.LVL18:
 251:Libraries/STM32F10x_StdPeriph_Driver/src/stm32f10x_exti.c ****   /* Check the parameters */
 252:Libraries/STM32F10x_StdPeriph_Driver/src/stm32f10x_exti.c ****   assert_param(IS_EXTI_LINE(EXTI_Line));
 253:Libraries/STM32F10x_StdPeriph_Driver/src/stm32f10x_exti.c ****   
 254:Libraries/STM32F10x_StdPeriph_Driver/src/stm32f10x_exti.c ****   EXTI->PR = EXTI_Line;
 374              		.loc 1 254 0
 375 00e8 014B     		ldr	r3, .L27	@ tmp111,
 376 00ea 5861     		str	r0, [r3, #20]	@ EXTI_Line, MEM[(struct EXTI_TypeDef *)1073808384B].PR
 377 00ec 7047     		bx	lr	@
 378              	.L28:
 379 00ee 00BF     		.align	2
 380              	.L27:
 381 00f0 00040140 		.word	1073808384
 382              		.cfi_endproc
 383              	.LFE36:
 384              		.size	EXTI_ClearITPendingBit, .-EXTI_ClearITPendingBit
 385              	.Letext0:
 386              		.file 2 "/usr/local/share/gcc-arm-none-eabi-5_4-2016q3/arm-none-eabi/include/machine/_default_type
 387              		.file 3 "/usr/local/share/gcc-arm-none-eabi-5_4-2016q3/arm-none-eabi/include/sys/_stdint.h"
 388              		.file 4 "./Libraries/CMSIS/CM3/DeviceSupport/ST/STM32F10x/stm32f10x.h"
 389              		.file 5 "./Libraries/STM32F10x_StdPeriph_Driver/inc/stm32f10x_exti.h"
 390              		.file 6 "./Libraries/CMSIS/CM3/CoreSupport/core_cm3.h"
 391              		.section	.debug_info,"",%progbits
 392              	.Ldebug_info0:
 393 0000 5E030000 		.4byte	0x35e
 394 0004 0200     		.2byte	0x2
 395 0006 00000000 		.4byte	.Ldebug_abbrev0
 396 000a 04       		.byte	0x4
 397 000b 01       		.uleb128 0x1
 398 000c 6C020000 		.4byte	.LASF42
 399 0010 0C       		.byte	0xc
 400 0011 36010000 		.4byte	.LASF43
 401 0015 8C000000 		.4byte	.LASF44
 402 0019 00000000 		.4byte	.Ltext0
 403 001d F4000000 		.4byte	.Letext0
 404 0021 00000000 		.4byte	.Ldebug_line0
 405 0025 02       		.uleb128 0x2
 406 0026 01       		.byte	0x1
 407 0027 06       		.byte	0x6
 408 0028 33030000 		.4byte	.LASF0
 409 002c 02       		.uleb128 0x2
 410 002d 01       		.byte	0x1
 411 002e 08       		.byte	0x8
 412 002f 28010000 		.4byte	.LASF1
 413 0033 02       		.uleb128 0x2
 414 0034 02       		.byte	0x2
 415 0035 05       		.byte	0x5
 416 0036 1B030000 		.4byte	.LASF2
 417 003a 02       		.uleb128 0x2
 418 003b 02       		.byte	0x2
 419 003c 07       		.byte	0x7
 420 003d 69000000 		.4byte	.LASF3
 421 0041 02       		.uleb128 0x2
 422 0042 04       		.byte	0x4
 423 0043 05       		.byte	0x5
 424 0044 2A030000 		.4byte	.LASF4
ARM GAS  /var/folders/lp/0dm50ddn51vc39svyzv_6fp00000gn/T//ccPQEcwo.s 			page 13


 425 0048 03       		.uleb128 0x3
 426 0049 C9010000 		.4byte	.LASF9
 427 004d 02       		.byte	0x2
 428 004e 41       		.byte	0x41
 429 004f 53000000 		.4byte	0x53
 430 0053 02       		.uleb128 0x2
 431 0054 04       		.byte	0x4
 432 0055 07       		.byte	0x7
 433 0056 70010000 		.4byte	.LASF5
 434 005a 02       		.uleb128 0x2
 435 005b 08       		.byte	0x8
 436 005c 05       		.byte	0x5
 437 005d 5E020000 		.4byte	.LASF6
 438 0061 02       		.uleb128 0x2
 439 0062 08       		.byte	0x8
 440 0063 07       		.byte	0x7
 441 0064 2E020000 		.4byte	.LASF7
 442 0068 04       		.uleb128 0x4
 443 0069 04       		.byte	0x4
 444 006a 05       		.byte	0x5
 445 006b 696E7400 		.ascii	"int\000"
 446 006f 02       		.uleb128 0x2
 447 0070 04       		.byte	0x4
 448 0071 07       		.byte	0x7
 449 0072 04020000 		.4byte	.LASF8
 450 0076 03       		.uleb128 0x3
 451 0077 C0010000 		.4byte	.LASF10
 452 007b 03       		.byte	0x3
 453 007c 30       		.byte	0x30
 454 007d 48000000 		.4byte	0x48
 455 0081 02       		.uleb128 0x2
 456 0082 04       		.byte	0x4
 457 0083 07       		.byte	0x7
 458 0084 55020000 		.4byte	.LASF11
 459 0088 05       		.uleb128 0x5
 460 0089 76000000 		.4byte	0x76
 461 008d 06       		.uleb128 0x6
 462 008e 01       		.byte	0x1
 463 008f 2C000000 		.4byte	0x2c
 464 0093 04       		.byte	0x4
 465 0094 0702     		.2byte	0x207
 466 0096 A7000000 		.4byte	0xa7
 467 009a 07       		.uleb128 0x7
 468 009b 82010000 		.4byte	.LASF12
 469 009f 00       		.byte	0
 470 00a0 08       		.uleb128 0x8
 471 00a1 53455400 		.ascii	"SET\000"
 472 00a5 01       		.byte	0x1
 473 00a6 00       		.byte	0
 474 00a7 09       		.uleb128 0x9
 475 00a8 E1000000 		.4byte	.LASF13
 476 00ac 04       		.byte	0x4
 477 00ad 0702     		.2byte	0x207
 478 00af 8D000000 		.4byte	0x8d
 479 00b3 09       		.uleb128 0x9
 480 00b4 14000000 		.4byte	.LASF14
 481 00b8 04       		.byte	0x4
ARM GAS  /var/folders/lp/0dm50ddn51vc39svyzv_6fp00000gn/T//ccPQEcwo.s 			page 14


 482 00b9 0702     		.2byte	0x207
 483 00bb 8D000000 		.4byte	0x8d
 484 00bf 06       		.uleb128 0x6
 485 00c0 01       		.byte	0x1
 486 00c1 2C000000 		.4byte	0x2c
 487 00c5 04       		.byte	0x4
 488 00c6 0902     		.2byte	0x209
 489 00c8 D9000000 		.4byte	0xd9
 490 00cc 07       		.uleb128 0x7
 491 00cd A6010000 		.4byte	.LASF15
 492 00d1 00       		.byte	0
 493 00d2 07       		.uleb128 0x7
 494 00d3 0D010000 		.4byte	.LASF16
 495 00d7 01       		.byte	0x1
 496 00d8 00       		.byte	0
 497 00d9 09       		.uleb128 0x9
 498 00da 7C000000 		.4byte	.LASF17
 499 00de 04       		.byte	0x4
 500 00df 0902     		.2byte	0x209
 501 00e1 BF000000 		.4byte	0xbf
 502 00e5 0A       		.uleb128 0xa
 503 00e6 18       		.byte	0x18
 504 00e7 04       		.byte	0x4
 505 00e8 7703     		.2byte	0x377
 506 00ea 48010000 		.4byte	0x148
 507 00ee 0B       		.uleb128 0xb
 508 00ef 494D5200 		.ascii	"IMR\000"
 509 00f3 04       		.byte	0x4
 510 00f4 7903     		.2byte	0x379
 511 00f6 88000000 		.4byte	0x88
 512 00fa 02       		.byte	0x2
 513 00fb 23       		.byte	0x23
 514 00fc 00       		.uleb128 0
 515 00fd 0B       		.uleb128 0xb
 516 00fe 454D5200 		.ascii	"EMR\000"
 517 0102 04       		.byte	0x4
 518 0103 7A03     		.2byte	0x37a
 519 0105 88000000 		.4byte	0x88
 520 0109 02       		.byte	0x2
 521 010a 23       		.byte	0x23
 522 010b 04       		.uleb128 0x4
 523 010c 0C       		.uleb128 0xc
 524 010d BB010000 		.4byte	.LASF18
 525 0111 04       		.byte	0x4
 526 0112 7B03     		.2byte	0x37b
 527 0114 88000000 		.4byte	0x88
 528 0118 02       		.byte	0x2
 529 0119 23       		.byte	0x23
 530 011a 08       		.uleb128 0x8
 531 011b 0C       		.uleb128 0xc
 532 011c 25030000 		.4byte	.LASF19
 533 0120 04       		.byte	0x4
 534 0121 7C03     		.2byte	0x37c
 535 0123 88000000 		.4byte	0x88
 536 0127 02       		.byte	0x2
 537 0128 23       		.byte	0x23
 538 0129 0C       		.uleb128 0xc
ARM GAS  /var/folders/lp/0dm50ddn51vc39svyzv_6fp00000gn/T//ccPQEcwo.s 			page 15


 539 012a 0C       		.uleb128 0xc
 540 012b 53030000 		.4byte	.LASF20
 541 012f 04       		.byte	0x4
 542 0130 7D03     		.2byte	0x37d
 543 0132 88000000 		.4byte	0x88
 544 0136 02       		.byte	0x2
 545 0137 23       		.byte	0x23
 546 0138 10       		.uleb128 0x10
 547 0139 0B       		.uleb128 0xb
 548 013a 505200   		.ascii	"PR\000"
 549 013d 04       		.byte	0x4
 550 013e 7E03     		.2byte	0x37e
 551 0140 88000000 		.4byte	0x88
 552 0144 02       		.byte	0x2
 553 0145 23       		.byte	0x23
 554 0146 14       		.uleb128 0x14
 555 0147 00       		.byte	0
 556 0148 09       		.uleb128 0x9
 557 0149 99010000 		.4byte	.LASF21
 558 014d 04       		.byte	0x4
 559 014e 7F03     		.2byte	0x37f
 560 0150 E5000000 		.4byte	0xe5
 561 0154 0D       		.uleb128 0xd
 562 0155 01       		.byte	0x1
 563 0156 2C000000 		.4byte	0x2c
 564 015a 05       		.byte	0x5
 565 015b 33       		.byte	0x33
 566 015c 6D010000 		.4byte	0x16d
 567 0160 07       		.uleb128 0x7
 568 0161 14010000 		.4byte	.LASF22
 569 0165 00       		.byte	0
 570 0166 07       		.uleb128 0x7
 571 0167 59000000 		.4byte	.LASF23
 572 016b 04       		.byte	0x4
 573 016c 00       		.byte	0
 574 016d 03       		.uleb128 0x3
 575 016e 88010000 		.4byte	.LASF24
 576 0172 05       		.byte	0x5
 577 0173 36       		.byte	0x36
 578 0174 54010000 		.4byte	0x154
 579 0178 0D       		.uleb128 0xd
 580 0179 01       		.byte	0x1
 581 017a 2C000000 		.4byte	0x2c
 582 017e 05       		.byte	0x5
 583 017f 3F       		.byte	0x3f
 584 0180 97010000 		.4byte	0x197
 585 0184 07       		.uleb128 0x7
 586 0185 D4010000 		.4byte	.LASF25
 587 0189 08       		.byte	0x8
 588 018a 07       		.uleb128 0x7
 589 018b 44000000 		.4byte	.LASF26
 590 018f 0C       		.byte	0xc
 591 0190 07       		.uleb128 0x7
 592 0191 E8010000 		.4byte	.LASF27
 593 0195 10       		.byte	0x10
 594 0196 00       		.byte	0
 595 0197 03       		.uleb128 0x3
ARM GAS  /var/folders/lp/0dm50ddn51vc39svyzv_6fp00000gn/T//ccPQEcwo.s 			page 16


 596 0198 3F030000 		.4byte	.LASF28
 597 019c 05       		.byte	0x5
 598 019d 43       		.byte	0x43
 599 019e 78010000 		.4byte	0x178
 600 01a2 0E       		.uleb128 0xe
 601 01a3 08       		.byte	0x8
 602 01a4 05       		.byte	0x5
 603 01a5 4C       		.byte	0x4c
 604 01a6 E3010000 		.4byte	0x1e3
 605 01aa 0F       		.uleb128 0xf
 606 01ab 00000000 		.4byte	.LASF29
 607 01af 05       		.byte	0x5
 608 01b0 4E       		.byte	0x4e
 609 01b1 76000000 		.4byte	0x76
 610 01b5 02       		.byte	0x2
 611 01b6 23       		.byte	0x23
 612 01b7 00       		.uleb128 0
 613 01b8 0F       		.uleb128 0xf
 614 01b9 0A000000 		.4byte	.LASF30
 615 01bd 05       		.byte	0x5
 616 01be 51       		.byte	0x51
 617 01bf 6D010000 		.4byte	0x16d
 618 01c3 02       		.byte	0x2
 619 01c4 23       		.byte	0x23
 620 01c5 04       		.uleb128 0x4
 621 01c6 0F       		.uleb128 0xf
 622 01c7 37000000 		.4byte	.LASF31
 623 01cb 05       		.byte	0x5
 624 01cc 54       		.byte	0x54
 625 01cd 97010000 		.4byte	0x197
 626 01d1 02       		.byte	0x2
 627 01d2 23       		.byte	0x23
 628 01d3 05       		.uleb128 0x5
 629 01d4 0F       		.uleb128 0xf
 630 01d5 2A000000 		.4byte	.LASF32
 631 01d9 05       		.byte	0x5
 632 01da 57       		.byte	0x57
 633 01db D9000000 		.4byte	0xd9
 634 01df 02       		.byte	0x2
 635 01e0 23       		.byte	0x23
 636 01e1 06       		.uleb128 0x6
 637 01e2 00       		.byte	0
 638 01e3 03       		.uleb128 0x3
 639 01e4 EC000000 		.4byte	.LASF33
 640 01e8 05       		.byte	0x5
 641 01e9 59       		.byte	0x59
 642 01ea A2010000 		.4byte	0x1a2
 643 01ee 10       		.uleb128 0x10
 644 01ef 01       		.byte	0x1
 645 01f0 59030000 		.4byte	.LASF45
 646 01f4 01       		.byte	0x1
 647 01f5 55       		.byte	0x55
 648 01f6 01       		.byte	0x1
 649 01f7 00000000 		.4byte	.LFB29
 650 01fb 1C000000 		.4byte	.LFE29
 651 01ff 02       		.byte	0x2
 652 0200 7D       		.byte	0x7d
ARM GAS  /var/folders/lp/0dm50ddn51vc39svyzv_6fp00000gn/T//ccPQEcwo.s 			page 17


 653 0201 00       		.sleb128 0
 654 0202 01       		.byte	0x1
 655 0203 11       		.uleb128 0x11
 656 0204 01       		.byte	0x1
 657 0205 11020000 		.4byte	.LASF34
 658 0209 01       		.byte	0x1
 659 020a 65       		.byte	0x65
 660 020b 01       		.byte	0x1
 661 020c 1C000000 		.4byte	.LFB30
 662 0210 90000000 		.4byte	.LFE30
 663 0214 00000000 		.4byte	.LLST0
 664 0218 01       		.byte	0x1
 665 0219 3A020000 		.4byte	0x23a
 666 021d 12       		.uleb128 0x12
 667 021e FD000000 		.4byte	.LASF36
 668 0222 01       		.byte	0x1
 669 0223 65       		.byte	0x65
 670 0224 3A020000 		.4byte	0x23a
 671 0228 01       		.byte	0x1
 672 0229 50       		.byte	0x50
 673 022a 13       		.uleb128 0x13
 674 022b 746D7000 		.ascii	"tmp\000"
 675 022f 01       		.byte	0x1
 676 0230 67       		.byte	0x67
 677 0231 76000000 		.4byte	0x76
 678 0235 20000000 		.4byte	.LLST1
 679 0239 00       		.byte	0
 680 023a 14       		.uleb128 0x14
 681 023b 04       		.byte	0x4
 682 023c E3010000 		.4byte	0x1e3
 683 0240 15       		.uleb128 0x15
 684 0241 01       		.byte	0x1
 685 0242 45020000 		.4byte	.LASF35
 686 0246 01       		.byte	0x1
 687 0247 9D       		.byte	0x9d
 688 0248 01       		.byte	0x1
 689 0249 90000000 		.4byte	.LFB31
 690 024d 9E000000 		.4byte	.LFE31
 691 0251 02       		.byte	0x2
 692 0252 7D       		.byte	0x7d
 693 0253 00       		.sleb128 0
 694 0254 01       		.byte	0x1
 695 0255 67020000 		.4byte	0x267
 696 0259 12       		.uleb128 0x12
 697 025a FD000000 		.4byte	.LASF36
 698 025e 01       		.byte	0x1
 699 025f 9D       		.byte	0x9d
 700 0260 3A020000 		.4byte	0x23a
 701 0264 01       		.byte	0x1
 702 0265 50       		.byte	0x50
 703 0266 00       		.byte	0
 704 0267 15       		.uleb128 0x15
 705 0268 01       		.byte	0x1
 706 0269 C8000000 		.4byte	.LASF37
 707 026d 01       		.byte	0x1
 708 026e AB       		.byte	0xab
 709 026f 01       		.byte	0x1
ARM GAS  /var/folders/lp/0dm50ddn51vc39svyzv_6fp00000gn/T//ccPQEcwo.s 			page 18


 710 0270 9E000000 		.4byte	.LFB32
 711 0274 AC000000 		.4byte	.LFE32
 712 0278 02       		.byte	0x2
 713 0279 7D       		.byte	0x7d
 714 027a 00       		.sleb128 0
 715 027b 01       		.byte	0x1
 716 027c 90020000 		.4byte	0x290
 717 0280 16       		.uleb128 0x16
 718 0281 00000000 		.4byte	.LASF29
 719 0285 01       		.byte	0x1
 720 0286 AB       		.byte	0xab
 721 0287 76000000 		.4byte	0x76
 722 028b 7E000000 		.4byte	.LLST2
 723 028f 00       		.byte	0
 724 0290 17       		.uleb128 0x17
 725 0291 01       		.byte	0x1
 726 0292 1B020000 		.4byte	.LASF39
 727 0296 01       		.byte	0x1
 728 0297 BA       		.byte	0xba
 729 0298 01       		.byte	0x1
 730 0299 A7000000 		.4byte	0xa7
 731 029d AC000000 		.4byte	.LFB33
 732 02a1 C0000000 		.4byte	.LFE33
 733 02a5 02       		.byte	0x2
 734 02a6 7D       		.byte	0x7d
 735 02a7 00       		.sleb128 0
 736 02a8 01       		.byte	0x1
 737 02a9 CC020000 		.4byte	0x2cc
 738 02ad 16       		.uleb128 0x16
 739 02ae 00000000 		.4byte	.LASF29
 740 02b2 01       		.byte	0x1
 741 02b3 BA       		.byte	0xba
 742 02b4 76000000 		.4byte	0x76
 743 02b8 9F000000 		.4byte	.LLST3
 744 02bc 18       		.uleb128 0x18
 745 02bd BE000000 		.4byte	.LASF38
 746 02c1 01       		.byte	0x1
 747 02c2 BC       		.byte	0xbc
 748 02c3 A7000000 		.4byte	0xa7
 749 02c7 C0000000 		.4byte	.LLST4
 750 02cb 00       		.byte	0
 751 02cc 17       		.uleb128 0x17
 752 02cd 01       		.byte	0x1
 753 02ce F3020000 		.4byte	.LASF40
 754 02d2 01       		.byte	0x1
 755 02d3 E0       		.byte	0xe0
 756 02d4 01       		.byte	0x1
 757 02d5 B3000000 		.4byte	0xb3
 758 02d9 CC000000 		.4byte	.LFB35
 759 02dd E8000000 		.4byte	.LFE35
 760 02e1 02       		.byte	0x2
 761 02e2 7D       		.byte	0x7d
 762 02e3 00       		.sleb128 0
 763 02e4 01       		.byte	0x1
 764 02e5 17030000 		.4byte	0x317
 765 02e9 16       		.uleb128 0x16
 766 02ea 00000000 		.4byte	.LASF29
ARM GAS  /var/folders/lp/0dm50ddn51vc39svyzv_6fp00000gn/T//ccPQEcwo.s 			page 19


 767 02ee 01       		.byte	0x1
 768 02ef E0       		.byte	0xe0
 769 02f0 76000000 		.4byte	0x76
 770 02f4 F9000000 		.4byte	.LLST5
 771 02f8 18       		.uleb128 0x18
 772 02f9 BE000000 		.4byte	.LASF38
 773 02fd 01       		.byte	0x1
 774 02fe E2       		.byte	0xe2
 775 02ff B3000000 		.4byte	0xb3
 776 0303 33010000 		.4byte	.LLST6
 777 0307 18       		.uleb128 0x18
 778 0308 1D000000 		.4byte	.LASF41
 779 030c 01       		.byte	0x1
 780 030d E3       		.byte	0xe3
 781 030e 76000000 		.4byte	0x76
 782 0312 52010000 		.4byte	.LLST7
 783 0316 00       		.byte	0
 784 0317 19       		.uleb128 0x19
 785 0318 01       		.byte	0x1
 786 0319 04030000 		.4byte	.LASF46
 787 031d 01       		.byte	0x1
 788 031e F9       		.byte	0xf9
 789 031f 01       		.byte	0x1
 790 0320 01       		.byte	0x1
 791 0321 31030000 		.4byte	0x331
 792 0325 1A       		.uleb128 0x1a
 793 0326 00000000 		.4byte	.LASF29
 794 032a 01       		.byte	0x1
 795 032b F9       		.byte	0xf9
 796 032c 76000000 		.4byte	0x76
 797 0330 00       		.byte	0
 798 0331 1B       		.uleb128 0x1b
 799 0332 17030000 		.4byte	0x317
 800 0336 E8000000 		.4byte	.LFB36
 801 033a F4000000 		.4byte	.LFE36
 802 033e 02       		.byte	0x2
 803 033f 7D       		.byte	0x7d
 804 0340 00       		.sleb128 0
 805 0341 01       		.byte	0x1
 806 0342 4E030000 		.4byte	0x34e
 807 0346 1C       		.uleb128 0x1c
 808 0347 25030000 		.4byte	0x325
 809 034b 01       		.byte	0x1
 810 034c 50       		.byte	0x50
 811 034d 00       		.byte	0
 812 034e 1D       		.uleb128 0x1d
 813 034f AE010000 		.4byte	.LASF47
 814 0353 06       		.byte	0x6
 815 0354 CE06     		.2byte	0x6ce
 816 0356 5C030000 		.4byte	0x35c
 817 035a 01       		.byte	0x1
 818 035b 01       		.byte	0x1
 819 035c 05       		.uleb128 0x5
 820 035d 68000000 		.4byte	0x68
 821 0361 00       		.byte	0
 822              		.section	.debug_abbrev,"",%progbits
 823              	.Ldebug_abbrev0:
ARM GAS  /var/folders/lp/0dm50ddn51vc39svyzv_6fp00000gn/T//ccPQEcwo.s 			page 20


 824 0000 01       		.uleb128 0x1
 825 0001 11       		.uleb128 0x11
 826 0002 01       		.byte	0x1
 827 0003 25       		.uleb128 0x25
 828 0004 0E       		.uleb128 0xe
 829 0005 13       		.uleb128 0x13
 830 0006 0B       		.uleb128 0xb
 831 0007 03       		.uleb128 0x3
 832 0008 0E       		.uleb128 0xe
 833 0009 1B       		.uleb128 0x1b
 834 000a 0E       		.uleb128 0xe
 835 000b 11       		.uleb128 0x11
 836 000c 01       		.uleb128 0x1
 837 000d 12       		.uleb128 0x12
 838 000e 01       		.uleb128 0x1
 839 000f 10       		.uleb128 0x10
 840 0010 06       		.uleb128 0x6
 841 0011 00       		.byte	0
 842 0012 00       		.byte	0
 843 0013 02       		.uleb128 0x2
 844 0014 24       		.uleb128 0x24
 845 0015 00       		.byte	0
 846 0016 0B       		.uleb128 0xb
 847 0017 0B       		.uleb128 0xb
 848 0018 3E       		.uleb128 0x3e
 849 0019 0B       		.uleb128 0xb
 850 001a 03       		.uleb128 0x3
 851 001b 0E       		.uleb128 0xe
 852 001c 00       		.byte	0
 853 001d 00       		.byte	0
 854 001e 03       		.uleb128 0x3
 855 001f 16       		.uleb128 0x16
 856 0020 00       		.byte	0
 857 0021 03       		.uleb128 0x3
 858 0022 0E       		.uleb128 0xe
 859 0023 3A       		.uleb128 0x3a
 860 0024 0B       		.uleb128 0xb
 861 0025 3B       		.uleb128 0x3b
 862 0026 0B       		.uleb128 0xb
 863 0027 49       		.uleb128 0x49
 864 0028 13       		.uleb128 0x13
 865 0029 00       		.byte	0
 866 002a 00       		.byte	0
 867 002b 04       		.uleb128 0x4
 868 002c 24       		.uleb128 0x24
 869 002d 00       		.byte	0
 870 002e 0B       		.uleb128 0xb
 871 002f 0B       		.uleb128 0xb
 872 0030 3E       		.uleb128 0x3e
 873 0031 0B       		.uleb128 0xb
 874 0032 03       		.uleb128 0x3
 875 0033 08       		.uleb128 0x8
 876 0034 00       		.byte	0
 877 0035 00       		.byte	0
 878 0036 05       		.uleb128 0x5
 879 0037 35       		.uleb128 0x35
 880 0038 00       		.byte	0
ARM GAS  /var/folders/lp/0dm50ddn51vc39svyzv_6fp00000gn/T//ccPQEcwo.s 			page 21


 881 0039 49       		.uleb128 0x49
 882 003a 13       		.uleb128 0x13
 883 003b 00       		.byte	0
 884 003c 00       		.byte	0
 885 003d 06       		.uleb128 0x6
 886 003e 04       		.uleb128 0x4
 887 003f 01       		.byte	0x1
 888 0040 0B       		.uleb128 0xb
 889 0041 0B       		.uleb128 0xb
 890 0042 49       		.uleb128 0x49
 891 0043 13       		.uleb128 0x13
 892 0044 3A       		.uleb128 0x3a
 893 0045 0B       		.uleb128 0xb
 894 0046 3B       		.uleb128 0x3b
 895 0047 05       		.uleb128 0x5
 896 0048 01       		.uleb128 0x1
 897 0049 13       		.uleb128 0x13
 898 004a 00       		.byte	0
 899 004b 00       		.byte	0
 900 004c 07       		.uleb128 0x7
 901 004d 28       		.uleb128 0x28
 902 004e 00       		.byte	0
 903 004f 03       		.uleb128 0x3
 904 0050 0E       		.uleb128 0xe
 905 0051 1C       		.uleb128 0x1c
 906 0052 0B       		.uleb128 0xb
 907 0053 00       		.byte	0
 908 0054 00       		.byte	0
 909 0055 08       		.uleb128 0x8
 910 0056 28       		.uleb128 0x28
 911 0057 00       		.byte	0
 912 0058 03       		.uleb128 0x3
 913 0059 08       		.uleb128 0x8
 914 005a 1C       		.uleb128 0x1c
 915 005b 0B       		.uleb128 0xb
 916 005c 00       		.byte	0
 917 005d 00       		.byte	0
 918 005e 09       		.uleb128 0x9
 919 005f 16       		.uleb128 0x16
 920 0060 00       		.byte	0
 921 0061 03       		.uleb128 0x3
 922 0062 0E       		.uleb128 0xe
 923 0063 3A       		.uleb128 0x3a
 924 0064 0B       		.uleb128 0xb
 925 0065 3B       		.uleb128 0x3b
 926 0066 05       		.uleb128 0x5
 927 0067 49       		.uleb128 0x49
 928 0068 13       		.uleb128 0x13
 929 0069 00       		.byte	0
 930 006a 00       		.byte	0
 931 006b 0A       		.uleb128 0xa
 932 006c 13       		.uleb128 0x13
 933 006d 01       		.byte	0x1
 934 006e 0B       		.uleb128 0xb
 935 006f 0B       		.uleb128 0xb
 936 0070 3A       		.uleb128 0x3a
 937 0071 0B       		.uleb128 0xb
ARM GAS  /var/folders/lp/0dm50ddn51vc39svyzv_6fp00000gn/T//ccPQEcwo.s 			page 22


 938 0072 3B       		.uleb128 0x3b
 939 0073 05       		.uleb128 0x5
 940 0074 01       		.uleb128 0x1
 941 0075 13       		.uleb128 0x13
 942 0076 00       		.byte	0
 943 0077 00       		.byte	0
 944 0078 0B       		.uleb128 0xb
 945 0079 0D       		.uleb128 0xd
 946 007a 00       		.byte	0
 947 007b 03       		.uleb128 0x3
 948 007c 08       		.uleb128 0x8
 949 007d 3A       		.uleb128 0x3a
 950 007e 0B       		.uleb128 0xb
 951 007f 3B       		.uleb128 0x3b
 952 0080 05       		.uleb128 0x5
 953 0081 49       		.uleb128 0x49
 954 0082 13       		.uleb128 0x13
 955 0083 38       		.uleb128 0x38
 956 0084 0A       		.uleb128 0xa
 957 0085 00       		.byte	0
 958 0086 00       		.byte	0
 959 0087 0C       		.uleb128 0xc
 960 0088 0D       		.uleb128 0xd
 961 0089 00       		.byte	0
 962 008a 03       		.uleb128 0x3
 963 008b 0E       		.uleb128 0xe
 964 008c 3A       		.uleb128 0x3a
 965 008d 0B       		.uleb128 0xb
 966 008e 3B       		.uleb128 0x3b
 967 008f 05       		.uleb128 0x5
 968 0090 49       		.uleb128 0x49
 969 0091 13       		.uleb128 0x13
 970 0092 38       		.uleb128 0x38
 971 0093 0A       		.uleb128 0xa
 972 0094 00       		.byte	0
 973 0095 00       		.byte	0
 974 0096 0D       		.uleb128 0xd
 975 0097 04       		.uleb128 0x4
 976 0098 01       		.byte	0x1
 977 0099 0B       		.uleb128 0xb
 978 009a 0B       		.uleb128 0xb
 979 009b 49       		.uleb128 0x49
 980 009c 13       		.uleb128 0x13
 981 009d 3A       		.uleb128 0x3a
 982 009e 0B       		.uleb128 0xb
 983 009f 3B       		.uleb128 0x3b
 984 00a0 0B       		.uleb128 0xb
 985 00a1 01       		.uleb128 0x1
 986 00a2 13       		.uleb128 0x13
 987 00a3 00       		.byte	0
 988 00a4 00       		.byte	0
 989 00a5 0E       		.uleb128 0xe
 990 00a6 13       		.uleb128 0x13
 991 00a7 01       		.byte	0x1
 992 00a8 0B       		.uleb128 0xb
 993 00a9 0B       		.uleb128 0xb
 994 00aa 3A       		.uleb128 0x3a
ARM GAS  /var/folders/lp/0dm50ddn51vc39svyzv_6fp00000gn/T//ccPQEcwo.s 			page 23


 995 00ab 0B       		.uleb128 0xb
 996 00ac 3B       		.uleb128 0x3b
 997 00ad 0B       		.uleb128 0xb
 998 00ae 01       		.uleb128 0x1
 999 00af 13       		.uleb128 0x13
 1000 00b0 00       		.byte	0
 1001 00b1 00       		.byte	0
 1002 00b2 0F       		.uleb128 0xf
 1003 00b3 0D       		.uleb128 0xd
 1004 00b4 00       		.byte	0
 1005 00b5 03       		.uleb128 0x3
 1006 00b6 0E       		.uleb128 0xe
 1007 00b7 3A       		.uleb128 0x3a
 1008 00b8 0B       		.uleb128 0xb
 1009 00b9 3B       		.uleb128 0x3b
 1010 00ba 0B       		.uleb128 0xb
 1011 00bb 49       		.uleb128 0x49
 1012 00bc 13       		.uleb128 0x13
 1013 00bd 38       		.uleb128 0x38
 1014 00be 0A       		.uleb128 0xa
 1015 00bf 00       		.byte	0
 1016 00c0 00       		.byte	0
 1017 00c1 10       		.uleb128 0x10
 1018 00c2 2E       		.uleb128 0x2e
 1019 00c3 00       		.byte	0
 1020 00c4 3F       		.uleb128 0x3f
 1021 00c5 0C       		.uleb128 0xc
 1022 00c6 03       		.uleb128 0x3
 1023 00c7 0E       		.uleb128 0xe
 1024 00c8 3A       		.uleb128 0x3a
 1025 00c9 0B       		.uleb128 0xb
 1026 00ca 3B       		.uleb128 0x3b
 1027 00cb 0B       		.uleb128 0xb
 1028 00cc 27       		.uleb128 0x27
 1029 00cd 0C       		.uleb128 0xc
 1030 00ce 11       		.uleb128 0x11
 1031 00cf 01       		.uleb128 0x1
 1032 00d0 12       		.uleb128 0x12
 1033 00d1 01       		.uleb128 0x1
 1034 00d2 40       		.uleb128 0x40
 1035 00d3 0A       		.uleb128 0xa
 1036 00d4 9742     		.uleb128 0x2117
 1037 00d6 0C       		.uleb128 0xc
 1038 00d7 00       		.byte	0
 1039 00d8 00       		.byte	0
 1040 00d9 11       		.uleb128 0x11
 1041 00da 2E       		.uleb128 0x2e
 1042 00db 01       		.byte	0x1
 1043 00dc 3F       		.uleb128 0x3f
 1044 00dd 0C       		.uleb128 0xc
 1045 00de 03       		.uleb128 0x3
 1046 00df 0E       		.uleb128 0xe
 1047 00e0 3A       		.uleb128 0x3a
 1048 00e1 0B       		.uleb128 0xb
 1049 00e2 3B       		.uleb128 0x3b
 1050 00e3 0B       		.uleb128 0xb
 1051 00e4 27       		.uleb128 0x27
ARM GAS  /var/folders/lp/0dm50ddn51vc39svyzv_6fp00000gn/T//ccPQEcwo.s 			page 24


 1052 00e5 0C       		.uleb128 0xc
 1053 00e6 11       		.uleb128 0x11
 1054 00e7 01       		.uleb128 0x1
 1055 00e8 12       		.uleb128 0x12
 1056 00e9 01       		.uleb128 0x1
 1057 00ea 40       		.uleb128 0x40
 1058 00eb 06       		.uleb128 0x6
 1059 00ec 9742     		.uleb128 0x2117
 1060 00ee 0C       		.uleb128 0xc
 1061 00ef 01       		.uleb128 0x1
 1062 00f0 13       		.uleb128 0x13
 1063 00f1 00       		.byte	0
 1064 00f2 00       		.byte	0
 1065 00f3 12       		.uleb128 0x12
 1066 00f4 05       		.uleb128 0x5
 1067 00f5 00       		.byte	0
 1068 00f6 03       		.uleb128 0x3
 1069 00f7 0E       		.uleb128 0xe
 1070 00f8 3A       		.uleb128 0x3a
 1071 00f9 0B       		.uleb128 0xb
 1072 00fa 3B       		.uleb128 0x3b
 1073 00fb 0B       		.uleb128 0xb
 1074 00fc 49       		.uleb128 0x49
 1075 00fd 13       		.uleb128 0x13
 1076 00fe 02       		.uleb128 0x2
 1077 00ff 0A       		.uleb128 0xa
 1078 0100 00       		.byte	0
 1079 0101 00       		.byte	0
 1080 0102 13       		.uleb128 0x13
 1081 0103 34       		.uleb128 0x34
 1082 0104 00       		.byte	0
 1083 0105 03       		.uleb128 0x3
 1084 0106 08       		.uleb128 0x8
 1085 0107 3A       		.uleb128 0x3a
 1086 0108 0B       		.uleb128 0xb
 1087 0109 3B       		.uleb128 0x3b
 1088 010a 0B       		.uleb128 0xb
 1089 010b 49       		.uleb128 0x49
 1090 010c 13       		.uleb128 0x13
 1091 010d 02       		.uleb128 0x2
 1092 010e 06       		.uleb128 0x6
 1093 010f 00       		.byte	0
 1094 0110 00       		.byte	0
 1095 0111 14       		.uleb128 0x14
 1096 0112 0F       		.uleb128 0xf
 1097 0113 00       		.byte	0
 1098 0114 0B       		.uleb128 0xb
 1099 0115 0B       		.uleb128 0xb
 1100 0116 49       		.uleb128 0x49
 1101 0117 13       		.uleb128 0x13
 1102 0118 00       		.byte	0
 1103 0119 00       		.byte	0
 1104 011a 15       		.uleb128 0x15
 1105 011b 2E       		.uleb128 0x2e
 1106 011c 01       		.byte	0x1
 1107 011d 3F       		.uleb128 0x3f
 1108 011e 0C       		.uleb128 0xc
ARM GAS  /var/folders/lp/0dm50ddn51vc39svyzv_6fp00000gn/T//ccPQEcwo.s 			page 25


 1109 011f 03       		.uleb128 0x3
 1110 0120 0E       		.uleb128 0xe
 1111 0121 3A       		.uleb128 0x3a
 1112 0122 0B       		.uleb128 0xb
 1113 0123 3B       		.uleb128 0x3b
 1114 0124 0B       		.uleb128 0xb
 1115 0125 27       		.uleb128 0x27
 1116 0126 0C       		.uleb128 0xc
 1117 0127 11       		.uleb128 0x11
 1118 0128 01       		.uleb128 0x1
 1119 0129 12       		.uleb128 0x12
 1120 012a 01       		.uleb128 0x1
 1121 012b 40       		.uleb128 0x40
 1122 012c 0A       		.uleb128 0xa
 1123 012d 9742     		.uleb128 0x2117
 1124 012f 0C       		.uleb128 0xc
 1125 0130 01       		.uleb128 0x1
 1126 0131 13       		.uleb128 0x13
 1127 0132 00       		.byte	0
 1128 0133 00       		.byte	0
 1129 0134 16       		.uleb128 0x16
 1130 0135 05       		.uleb128 0x5
 1131 0136 00       		.byte	0
 1132 0137 03       		.uleb128 0x3
 1133 0138 0E       		.uleb128 0xe
 1134 0139 3A       		.uleb128 0x3a
 1135 013a 0B       		.uleb128 0xb
 1136 013b 3B       		.uleb128 0x3b
 1137 013c 0B       		.uleb128 0xb
 1138 013d 49       		.uleb128 0x49
 1139 013e 13       		.uleb128 0x13
 1140 013f 02       		.uleb128 0x2
 1141 0140 06       		.uleb128 0x6
 1142 0141 00       		.byte	0
 1143 0142 00       		.byte	0
 1144 0143 17       		.uleb128 0x17
 1145 0144 2E       		.uleb128 0x2e
 1146 0145 01       		.byte	0x1
 1147 0146 3F       		.uleb128 0x3f
 1148 0147 0C       		.uleb128 0xc
 1149 0148 03       		.uleb128 0x3
 1150 0149 0E       		.uleb128 0xe
 1151 014a 3A       		.uleb128 0x3a
 1152 014b 0B       		.uleb128 0xb
 1153 014c 3B       		.uleb128 0x3b
 1154 014d 0B       		.uleb128 0xb
 1155 014e 27       		.uleb128 0x27
 1156 014f 0C       		.uleb128 0xc
 1157 0150 49       		.uleb128 0x49
 1158 0151 13       		.uleb128 0x13
 1159 0152 11       		.uleb128 0x11
 1160 0153 01       		.uleb128 0x1
 1161 0154 12       		.uleb128 0x12
 1162 0155 01       		.uleb128 0x1
 1163 0156 40       		.uleb128 0x40
 1164 0157 0A       		.uleb128 0xa
 1165 0158 9742     		.uleb128 0x2117
ARM GAS  /var/folders/lp/0dm50ddn51vc39svyzv_6fp00000gn/T//ccPQEcwo.s 			page 26


 1166 015a 0C       		.uleb128 0xc
 1167 015b 01       		.uleb128 0x1
 1168 015c 13       		.uleb128 0x13
 1169 015d 00       		.byte	0
 1170 015e 00       		.byte	0
 1171 015f 18       		.uleb128 0x18
 1172 0160 34       		.uleb128 0x34
 1173 0161 00       		.byte	0
 1174 0162 03       		.uleb128 0x3
 1175 0163 0E       		.uleb128 0xe
 1176 0164 3A       		.uleb128 0x3a
 1177 0165 0B       		.uleb128 0xb
 1178 0166 3B       		.uleb128 0x3b
 1179 0167 0B       		.uleb128 0xb
 1180 0168 49       		.uleb128 0x49
 1181 0169 13       		.uleb128 0x13
 1182 016a 02       		.uleb128 0x2
 1183 016b 06       		.uleb128 0x6
 1184 016c 00       		.byte	0
 1185 016d 00       		.byte	0
 1186 016e 19       		.uleb128 0x19
 1187 016f 2E       		.uleb128 0x2e
 1188 0170 01       		.byte	0x1
 1189 0171 3F       		.uleb128 0x3f
 1190 0172 0C       		.uleb128 0xc
 1191 0173 03       		.uleb128 0x3
 1192 0174 0E       		.uleb128 0xe
 1193 0175 3A       		.uleb128 0x3a
 1194 0176 0B       		.uleb128 0xb
 1195 0177 3B       		.uleb128 0x3b
 1196 0178 0B       		.uleb128 0xb
 1197 0179 27       		.uleb128 0x27
 1198 017a 0C       		.uleb128 0xc
 1199 017b 20       		.uleb128 0x20
 1200 017c 0B       		.uleb128 0xb
 1201 017d 01       		.uleb128 0x1
 1202 017e 13       		.uleb128 0x13
 1203 017f 00       		.byte	0
 1204 0180 00       		.byte	0
 1205 0181 1A       		.uleb128 0x1a
 1206 0182 05       		.uleb128 0x5
 1207 0183 00       		.byte	0
 1208 0184 03       		.uleb128 0x3
 1209 0185 0E       		.uleb128 0xe
 1210 0186 3A       		.uleb128 0x3a
 1211 0187 0B       		.uleb128 0xb
 1212 0188 3B       		.uleb128 0x3b
 1213 0189 0B       		.uleb128 0xb
 1214 018a 49       		.uleb128 0x49
 1215 018b 13       		.uleb128 0x13
 1216 018c 00       		.byte	0
 1217 018d 00       		.byte	0
 1218 018e 1B       		.uleb128 0x1b
 1219 018f 2E       		.uleb128 0x2e
 1220 0190 01       		.byte	0x1
 1221 0191 31       		.uleb128 0x31
 1222 0192 13       		.uleb128 0x13
ARM GAS  /var/folders/lp/0dm50ddn51vc39svyzv_6fp00000gn/T//ccPQEcwo.s 			page 27


 1223 0193 11       		.uleb128 0x11
 1224 0194 01       		.uleb128 0x1
 1225 0195 12       		.uleb128 0x12
 1226 0196 01       		.uleb128 0x1
 1227 0197 40       		.uleb128 0x40
 1228 0198 0A       		.uleb128 0xa
 1229 0199 9742     		.uleb128 0x2117
 1230 019b 0C       		.uleb128 0xc
 1231 019c 01       		.uleb128 0x1
 1232 019d 13       		.uleb128 0x13
 1233 019e 00       		.byte	0
 1234 019f 00       		.byte	0
 1235 01a0 1C       		.uleb128 0x1c
 1236 01a1 05       		.uleb128 0x5
 1237 01a2 00       		.byte	0
 1238 01a3 31       		.uleb128 0x31
 1239 01a4 13       		.uleb128 0x13
 1240 01a5 02       		.uleb128 0x2
 1241 01a6 0A       		.uleb128 0xa
 1242 01a7 00       		.byte	0
 1243 01a8 00       		.byte	0
 1244 01a9 1D       		.uleb128 0x1d
 1245 01aa 34       		.uleb128 0x34
 1246 01ab 00       		.byte	0
 1247 01ac 03       		.uleb128 0x3
 1248 01ad 0E       		.uleb128 0xe
 1249 01ae 3A       		.uleb128 0x3a
 1250 01af 0B       		.uleb128 0xb
 1251 01b0 3B       		.uleb128 0x3b
 1252 01b1 05       		.uleb128 0x5
 1253 01b2 49       		.uleb128 0x49
 1254 01b3 13       		.uleb128 0x13
 1255 01b4 3F       		.uleb128 0x3f
 1256 01b5 0C       		.uleb128 0xc
 1257 01b6 3C       		.uleb128 0x3c
 1258 01b7 0C       		.uleb128 0xc
 1259 01b8 00       		.byte	0
 1260 01b9 00       		.byte	0
 1261 01ba 00       		.byte	0
 1262              		.section	.debug_loc,"",%progbits
 1263              	.Ldebug_loc0:
 1264              	.LLST0:
 1265 0000 1C000000 		.4byte	.LFB30-.Ltext0
 1266 0004 20000000 		.4byte	.LCFI0-.Ltext0
 1267 0008 0200     		.2byte	0x2
 1268 000a 7D       		.byte	0x7d
 1269 000b 00       		.sleb128 0
 1270 000c 20000000 		.4byte	.LCFI0-.Ltext0
 1271 0010 90000000 		.4byte	.LFE30-.Ltext0
 1272 0014 0200     		.2byte	0x2
 1273 0016 7D       		.byte	0x7d
 1274 0017 10       		.sleb128 16
 1275 0018 00000000 		.4byte	0
 1276 001c 00000000 		.4byte	0
 1277              	.LLST1:
 1278 0020 1C000000 		.4byte	.LVL0-.Ltext0
 1279 0024 3E000000 		.4byte	.LVL1-.Ltext0
ARM GAS  /var/folders/lp/0dm50ddn51vc39svyzv_6fp00000gn/T//ccPQEcwo.s 			page 28


 1280 0028 0600     		.2byte	0x6
 1281 002a 0C       		.byte	0xc
 1282 002b 00040140 		.4byte	0x40010400
 1283 002f 9F       		.byte	0x9f
 1284 0030 3E000000 		.4byte	.LVL1-.Ltext0
 1285 0034 44000000 		.4byte	.LVL2-.Ltext0
 1286 0038 0E00     		.2byte	0xe
 1287 003a 70       		.byte	0x70
 1288 003b 04       		.sleb128 4
 1289 003c 94       		.byte	0x94
 1290 003d 01       		.byte	0x1
 1291 003e 08       		.byte	0x8
 1292 003f FF       		.byte	0xff
 1293 0040 1A       		.byte	0x1a
 1294 0041 23       		.byte	0x23
 1295 0042 80888480 		.uleb128 0x40010400
 1295      04
 1296 0047 9F       		.byte	0x9f
 1297 0048 68000000 		.4byte	.LVL3-.Ltext0
 1298 004c 6C000000 		.4byte	.LVL4-.Ltext0
 1299 0050 0C00     		.2byte	0xc
 1300 0052 73       		.byte	0x73
 1301 0053 00       		.sleb128 0
 1302 0054 08       		.byte	0x8
 1303 0055 FF       		.byte	0xff
 1304 0056 1A       		.byte	0x1a
 1305 0057 23       		.byte	0x23
 1306 0058 80888480 		.uleb128 0x40010400
 1306      04
 1307 005d 9F       		.byte	0x9f
 1308 005e 78000000 		.4byte	.LVL5-.Ltext0
 1309 0062 88000000 		.4byte	.LVL6-.Ltext0
 1310 0066 0E00     		.2byte	0xe
 1311 0068 70       		.byte	0x70
 1312 0069 04       		.sleb128 4
 1313 006a 94       		.byte	0x94
 1314 006b 01       		.byte	0x1
 1315 006c 08       		.byte	0x8
 1316 006d FF       		.byte	0xff
 1317 006e 1A       		.byte	0x1a
 1318 006f 23       		.byte	0x23
 1319 0070 80888480 		.uleb128 0x40010400
 1319      04
 1320 0075 9F       		.byte	0x9f
 1321 0076 00000000 		.4byte	0
 1322 007a 00000000 		.4byte	0
 1323              	.LLST2:
 1324 007e 9E000000 		.4byte	.LVL8-.Ltext0
 1325 0082 A4000000 		.4byte	.LVL9-.Ltext0
 1326 0086 0100     		.2byte	0x1
 1327 0088 50       		.byte	0x50
 1328 0089 A4000000 		.4byte	.LVL9-.Ltext0
 1329 008d AC000000 		.4byte	.LFE32-.Ltext0
 1330 0091 0400     		.2byte	0x4
 1331 0093 F3       		.byte	0xf3
 1332 0094 01       		.uleb128 0x1
 1333 0095 50       		.byte	0x50
ARM GAS  /var/folders/lp/0dm50ddn51vc39svyzv_6fp00000gn/T//ccPQEcwo.s 			page 29


 1334 0096 9F       		.byte	0x9f
 1335 0097 00000000 		.4byte	0
 1336 009b 00000000 		.4byte	0
 1337              	.LLST3:
 1338 009f AC000000 		.4byte	.LVL10-.Ltext0
 1339 00a3 B6000000 		.4byte	.LVL12-.Ltext0
 1340 00a7 0100     		.2byte	0x1
 1341 00a9 50       		.byte	0x50
 1342 00aa B6000000 		.4byte	.LVL12-.Ltext0
 1343 00ae C0000000 		.4byte	.LFE33-.Ltext0
 1344 00b2 0400     		.2byte	0x4
 1345 00b4 F3       		.byte	0xf3
 1346 00b5 01       		.uleb128 0x1
 1347 00b6 50       		.byte	0x50
 1348 00b7 9F       		.byte	0x9f
 1349 00b8 00000000 		.4byte	0
 1350 00bc 00000000 		.4byte	0
 1351              	.LLST4:
 1352 00c0 AC000000 		.4byte	.LVL10-.Ltext0
 1353 00c4 B0000000 		.4byte	.LVL11-.Ltext0
 1354 00c8 0200     		.2byte	0x2
 1355 00ca 30       		.byte	0x30
 1356 00cb 9F       		.byte	0x9f
 1357 00cc B0000000 		.4byte	.LVL11-.Ltext0
 1358 00d0 B6000000 		.4byte	.LVL12-.Ltext0
 1359 00d4 0800     		.2byte	0x8
 1360 00d6 73       		.byte	0x73
 1361 00d7 00       		.sleb128 0
 1362 00d8 70       		.byte	0x70
 1363 00d9 00       		.sleb128 0
 1364 00da 1A       		.byte	0x1a
 1365 00db 30       		.byte	0x30
 1366 00dc 2E       		.byte	0x2e
 1367 00dd 9F       		.byte	0x9f
 1368 00de B6000000 		.4byte	.LVL12-.Ltext0
 1369 00e2 C0000000 		.4byte	.LFE33-.Ltext0
 1370 00e6 0900     		.2byte	0x9
 1371 00e8 73       		.byte	0x73
 1372 00e9 00       		.sleb128 0
 1373 00ea F3       		.byte	0xf3
 1374 00eb 01       		.uleb128 0x1
 1375 00ec 50       		.byte	0x50
 1376 00ed 1A       		.byte	0x1a
 1377 00ee 30       		.byte	0x30
 1378 00ef 2E       		.byte	0x2e
 1379 00f0 9F       		.byte	0x9f
 1380 00f1 00000000 		.4byte	0
 1381 00f5 00000000 		.4byte	0
 1382              	.LLST5:
 1383 00f9 CC000000 		.4byte	.LVL13-.Ltext0
 1384 00fd DC000000 		.4byte	.LVL15-.Ltext0
 1385 0101 0100     		.2byte	0x1
 1386 0103 50       		.byte	0x50
 1387 0104 DC000000 		.4byte	.LVL15-.Ltext0
 1388 0108 E0000000 		.4byte	.LVL16-.Ltext0
 1389 010c 0400     		.2byte	0x4
 1390 010e F3       		.byte	0xf3
ARM GAS  /var/folders/lp/0dm50ddn51vc39svyzv_6fp00000gn/T//ccPQEcwo.s 			page 30


 1391 010f 01       		.uleb128 0x1
 1392 0110 50       		.byte	0x50
 1393 0111 9F       		.byte	0x9f
 1394 0112 E0000000 		.4byte	.LVL16-.Ltext0
 1395 0116 E2000000 		.4byte	.LVL17-.Ltext0
 1396 011a 0100     		.2byte	0x1
 1397 011c 50       		.byte	0x50
 1398 011d E2000000 		.4byte	.LVL17-.Ltext0
 1399 0121 E8000000 		.4byte	.LFE35-.Ltext0
 1400 0125 0400     		.2byte	0x4
 1401 0127 F3       		.byte	0xf3
 1402 0128 01       		.uleb128 0x1
 1403 0129 50       		.byte	0x50
 1404 012a 9F       		.byte	0x9f
 1405 012b 00000000 		.4byte	0
 1406 012f 00000000 		.4byte	0
 1407              	.LLST6:
 1408 0133 CC000000 		.4byte	.LVL13-.Ltext0
 1409 0137 E2000000 		.4byte	.LVL17-.Ltext0
 1410 013b 0200     		.2byte	0x2
 1411 013d 30       		.byte	0x30
 1412 013e 9F       		.byte	0x9f
 1413 013f E2000000 		.4byte	.LVL17-.Ltext0
 1414 0143 E8000000 		.4byte	.LFE35-.Ltext0
 1415 0147 0100     		.2byte	0x1
 1416 0149 50       		.byte	0x50
 1417 014a 00000000 		.4byte	0
 1418 014e 00000000 		.4byte	0
 1419              	.LLST7:
 1420 0152 CC000000 		.4byte	.LVL13-.Ltext0
 1421 0156 D0000000 		.4byte	.LVL14-.Ltext0
 1422 015a 0200     		.2byte	0x2
 1423 015c 30       		.byte	0x30
 1424 015d 9F       		.byte	0x9f
 1425 015e D0000000 		.4byte	.LVL14-.Ltext0
 1426 0162 DC000000 		.4byte	.LVL15-.Ltext0
 1427 0166 0600     		.2byte	0x6
 1428 0168 72       		.byte	0x72
 1429 0169 00       		.sleb128 0
 1430 016a 70       		.byte	0x70
 1431 016b 00       		.sleb128 0
 1432 016c 1A       		.byte	0x1a
 1433 016d 9F       		.byte	0x9f
 1434 016e DC000000 		.4byte	.LVL15-.Ltext0
 1435 0172 E0000000 		.4byte	.LVL16-.Ltext0
 1436 0176 0700     		.2byte	0x7
 1437 0178 72       		.byte	0x72
 1438 0179 00       		.sleb128 0
 1439 017a F3       		.byte	0xf3
 1440 017b 01       		.uleb128 0x1
 1441 017c 50       		.byte	0x50
 1442 017d 1A       		.byte	0x1a
 1443 017e 9F       		.byte	0x9f
 1444 017f E0000000 		.4byte	.LVL16-.Ltext0
 1445 0183 E2000000 		.4byte	.LVL17-.Ltext0
 1446 0187 0600     		.2byte	0x6
 1447 0189 72       		.byte	0x72
ARM GAS  /var/folders/lp/0dm50ddn51vc39svyzv_6fp00000gn/T//ccPQEcwo.s 			page 31


 1448 018a 00       		.sleb128 0
 1449 018b 70       		.byte	0x70
 1450 018c 00       		.sleb128 0
 1451 018d 1A       		.byte	0x1a
 1452 018e 9F       		.byte	0x9f
 1453 018f E2000000 		.4byte	.LVL17-.Ltext0
 1454 0193 E8000000 		.4byte	.LFE35-.Ltext0
 1455 0197 0700     		.2byte	0x7
 1456 0199 72       		.byte	0x72
 1457 019a 00       		.sleb128 0
 1458 019b F3       		.byte	0xf3
 1459 019c 01       		.uleb128 0x1
 1460 019d 50       		.byte	0x50
 1461 019e 1A       		.byte	0x1a
 1462 019f 9F       		.byte	0x9f
 1463 01a0 00000000 		.4byte	0
 1464 01a4 00000000 		.4byte	0
 1465              		.section	.debug_aranges,"",%progbits
 1466 0000 1C000000 		.4byte	0x1c
 1467 0004 0200     		.2byte	0x2
 1468 0006 00000000 		.4byte	.Ldebug_info0
 1469 000a 04       		.byte	0x4
 1470 000b 00       		.byte	0
 1471 000c 0000     		.2byte	0
 1472 000e 0000     		.2byte	0
 1473 0010 00000000 		.4byte	.Ltext0
 1474 0014 F4000000 		.4byte	.Letext0-.Ltext0
 1475 0018 00000000 		.4byte	0
 1476 001c 00000000 		.4byte	0
 1477              		.section	.debug_line,"",%progbits
 1478              	.Ldebug_line0:
 1479 0000 0C020000 		.section	.debug_str,"MS",%progbits,1
 1479      0200B401 
 1479      00000201 
 1479      FB0E0D00 
 1479      01010101 
 1480              	.LASF29:
 1481 0000 45585449 		.ascii	"EXTI_Line\000"
 1481      5F4C696E 
 1481      6500
 1482              	.LASF30:
 1483 000a 45585449 		.ascii	"EXTI_Mode\000"
 1483      5F4D6F64 
 1483      6500
 1484              	.LASF14:
 1485 0014 49545374 		.ascii	"ITStatus\000"
 1485      61747573 
 1485      00
 1486              	.LASF41:
 1487 001d 656E6162 		.ascii	"enablestatus\000"
 1487      6C657374 
 1487      61747573 
 1487      00
 1488              	.LASF32:
 1489 002a 45585449 		.ascii	"EXTI_LineCmd\000"
 1489      5F4C696E 
 1489      65436D64 
ARM GAS  /var/folders/lp/0dm50ddn51vc39svyzv_6fp00000gn/T//ccPQEcwo.s 			page 32


 1489      00
 1490              	.LASF31:
 1491 0037 45585449 		.ascii	"EXTI_Trigger\000"
 1491      5F547269 
 1491      67676572 
 1491      00
 1492              	.LASF26:
 1493 0044 45585449 		.ascii	"EXTI_Trigger_Falling\000"
 1493      5F547269 
 1493      67676572 
 1493      5F46616C 
 1493      6C696E67 
 1494              	.LASF23:
 1495 0059 45585449 		.ascii	"EXTI_Mode_Event\000"
 1495      5F4D6F64 
 1495      655F4576 
 1495      656E7400 
 1496              	.LASF3:
 1497 0069 73686F72 		.ascii	"short unsigned int\000"
 1497      7420756E 
 1497      7369676E 
 1497      65642069 
 1497      6E7400
 1498              	.LASF17:
 1499 007c 46756E63 		.ascii	"FunctionalState\000"
 1499      74696F6E 
 1499      616C5374 
 1499      61746500 
 1500              	.LASF44:
 1501 008c 2F557365 		.ascii	"/Users/yanbo/Projects/stm32f10x_makefile_template\000"
 1501      72732F79 
 1501      616E626F 
 1501      2F50726F 
 1501      6A656374 
 1502              	.LASF38:
 1503 00be 62697473 		.ascii	"bitstatus\000"
 1503      74617475 
 1503      7300
 1504              	.LASF37:
 1505 00c8 45585449 		.ascii	"EXTI_GenerateSWInterrupt\000"
 1505      5F47656E 
 1505      65726174 
 1505      65535749 
 1505      6E746572 
 1506              	.LASF13:
 1507 00e1 466C6167 		.ascii	"FlagStatus\000"
 1507      53746174 
 1507      757300
 1508              	.LASF33:
 1509 00ec 45585449 		.ascii	"EXTI_InitTypeDef\000"
 1509      5F496E69 
 1509      74547970 
 1509      65446566 
 1509      00
 1510              	.LASF36:
 1511 00fd 45585449 		.ascii	"EXTI_InitStruct\000"
 1511      5F496E69 
ARM GAS  /var/folders/lp/0dm50ddn51vc39svyzv_6fp00000gn/T//ccPQEcwo.s 			page 33


 1511      74537472 
 1511      75637400 
 1512              	.LASF16:
 1513 010d 454E4142 		.ascii	"ENABLE\000"
 1513      4C4500
 1514              	.LASF22:
 1515 0114 45585449 		.ascii	"EXTI_Mode_Interrupt\000"
 1515      5F4D6F64 
 1515      655F496E 
 1515      74657272 
 1515      75707400 
 1516              	.LASF1:
 1517 0128 756E7369 		.ascii	"unsigned char\000"
 1517      676E6564 
 1517      20636861 
 1517      7200
 1518              	.LASF43:
 1519 0136 4C696272 		.ascii	"Libraries/STM32F10x_StdPeriph_Driver/src/stm32f10x_"
 1519      61726965 
 1519      732F5354 
 1519      4D333246 
 1519      3130785F 
 1520 0169 65787469 		.ascii	"exti.c\000"
 1520      2E6300
 1521              	.LASF5:
 1522 0170 6C6F6E67 		.ascii	"long unsigned int\000"
 1522      20756E73 
 1522      69676E65 
 1522      6420696E 
 1522      7400
 1523              	.LASF12:
 1524 0182 52455345 		.ascii	"RESET\000"
 1524      5400
 1525              	.LASF24:
 1526 0188 45585449 		.ascii	"EXTIMode_TypeDef\000"
 1526      4D6F6465 
 1526      5F547970 
 1526      65446566 
 1526      00
 1527              	.LASF21:
 1528 0199 45585449 		.ascii	"EXTI_TypeDef\000"
 1528      5F547970 
 1528      65446566 
 1528      00
 1529              	.LASF15:
 1530 01a6 44495341 		.ascii	"DISABLE\000"
 1530      424C4500 
 1531              	.LASF47:
 1532 01ae 49544D5F 		.ascii	"ITM_RxBuffer\000"
 1532      52784275 
 1532      66666572 
 1532      00
 1533              	.LASF18:
 1534 01bb 52545352 		.ascii	"RTSR\000"
 1534      00
 1535              	.LASF10:
 1536 01c0 75696E74 		.ascii	"uint32_t\000"
ARM GAS  /var/folders/lp/0dm50ddn51vc39svyzv_6fp00000gn/T//ccPQEcwo.s 			page 34


 1536      33325F74 
 1536      00
 1537              	.LASF9:
 1538 01c9 5F5F7569 		.ascii	"__uint32_t\000"
 1538      6E743332 
 1538      5F7400
 1539              	.LASF25:
 1540 01d4 45585449 		.ascii	"EXTI_Trigger_Rising\000"
 1540      5F547269 
 1540      67676572 
 1540      5F526973 
 1540      696E6700 
 1541              	.LASF27:
 1542 01e8 45585449 		.ascii	"EXTI_Trigger_Rising_Falling\000"
 1542      5F547269 
 1542      67676572 
 1542      5F526973 
 1542      696E675F 
 1543              	.LASF8:
 1544 0204 756E7369 		.ascii	"unsigned int\000"
 1544      676E6564 
 1544      20696E74 
 1544      00
 1545              	.LASF34:
 1546 0211 45585449 		.ascii	"EXTI_Init\000"
 1546      5F496E69 
 1546      7400
 1547              	.LASF39:
 1548 021b 45585449 		.ascii	"EXTI_GetFlagStatus\000"
 1548      5F476574 
 1548      466C6167 
 1548      53746174 
 1548      757300
 1549              	.LASF7:
 1550 022e 6C6F6E67 		.ascii	"long long unsigned int\000"
 1550      206C6F6E 
 1550      6720756E 
 1550      7369676E 
 1550      65642069 
 1551              	.LASF35:
 1552 0245 45585449 		.ascii	"EXTI_StructInit\000"
 1552      5F537472 
 1552      75637449 
 1552      6E697400 
 1553              	.LASF11:
 1554 0255 73697A65 		.ascii	"sizetype\000"
 1554      74797065 
 1554      00
 1555              	.LASF6:
 1556 025e 6C6F6E67 		.ascii	"long long int\000"
 1556      206C6F6E 
 1556      6720696E 
 1556      7400
 1557              	.LASF42:
 1558 026c 474E5520 		.ascii	"GNU C11 5.4.1 20160919 (release) [ARM/embedded-5-br"
 1558      43313120 
 1558      352E342E 
ARM GAS  /var/folders/lp/0dm50ddn51vc39svyzv_6fp00000gn/T//ccPQEcwo.s 			page 35


 1558      31203230 
 1558      31363039 
 1559 029f 616E6368 		.ascii	"anch revision 240496] -mcpu=cortex-m3 -mthumb -g -g"
 1559      20726576 
 1559      6973696F 
 1559      6E203234 
 1559      30343936 
 1560 02d2 64776172 		.ascii	"dwarf-2 -Os -fomit-frame-pointer\000"
 1560      662D3220 
 1560      2D4F7320 
 1560      2D666F6D 
 1560      69742D66 
 1561              	.LASF40:
 1562 02f3 45585449 		.ascii	"EXTI_GetITStatus\000"
 1562      5F476574 
 1562      49545374 
 1562      61747573 
 1562      00
 1563              	.LASF46:
 1564 0304 45585449 		.ascii	"EXTI_ClearITPendingBit\000"
 1564      5F436C65 
 1564      61724954 
 1564      50656E64 
 1564      696E6742 
 1565              	.LASF2:
 1566 031b 73686F72 		.ascii	"short int\000"
 1566      7420696E 
 1566      7400
 1567              	.LASF19:
 1568 0325 46545352 		.ascii	"FTSR\000"
 1568      00
 1569              	.LASF4:
 1570 032a 6C6F6E67 		.ascii	"long int\000"
 1570      20696E74 
 1570      00
 1571              	.LASF0:
 1572 0333 7369676E 		.ascii	"signed char\000"
 1572      65642063 
 1572      68617200 
 1573              	.LASF28:
 1574 033f 45585449 		.ascii	"EXTITrigger_TypeDef\000"
 1574      54726967 
 1574      6765725F 
 1574      54797065 
 1574      44656600 
 1575              	.LASF20:
 1576 0353 53574945 		.ascii	"SWIER\000"
 1576      5200
 1577              	.LASF45:
 1578 0359 45585449 		.ascii	"EXTI_DeInit\000"
 1578      5F446549 
 1578      6E697400 
 1579              		.ident	"GCC: (GNU Tools for ARM Embedded Processors) 5.4.1 20160919 (release) [ARM/embedded-5-bran
ARM GAS  /var/folders/lp/0dm50ddn51vc39svyzv_6fp00000gn/T//ccPQEcwo.s 			page 36


DEFINED SYMBOLS
                            *ABS*:0000000000000000 stm32f10x_exti.c
/var/folders/lp/0dm50ddn51vc39svyzv_6fp00000gn/T//ccPQEcwo.s:77     .text:0000000000000000 $t
/var/folders/lp/0dm50ddn51vc39svyzv_6fp00000gn/T//ccPQEcwo.s:82     .text:0000000000000000 EXTI_DeInit
/var/folders/lp/0dm50ddn51vc39svyzv_6fp00000gn/T//ccPQEcwo.s:107    .text:0000000000000014 $d
/var/folders/lp/0dm50ddn51vc39svyzv_6fp00000gn/T//ccPQEcwo.s:112    .text:000000000000001c $t
/var/folders/lp/0dm50ddn51vc39svyzv_6fp00000gn/T//ccPQEcwo.s:117    .text:000000000000001c EXTI_Init
/var/folders/lp/0dm50ddn51vc39svyzv_6fp00000gn/T//ccPQEcwo.s:206    .text:000000000000008c $d
/var/folders/lp/0dm50ddn51vc39svyzv_6fp00000gn/T//ccPQEcwo.s:210    .text:0000000000000090 $t
/var/folders/lp/0dm50ddn51vc39svyzv_6fp00000gn/T//ccPQEcwo.s:215    .text:0000000000000090 EXTI_StructInit
/var/folders/lp/0dm50ddn51vc39svyzv_6fp00000gn/T//ccPQEcwo.s:244    .text:000000000000009e EXTI_GenerateSWInterrupt
/var/folders/lp/0dm50ddn51vc39svyzv_6fp00000gn/T//ccPQEcwo.s:262    .text:00000000000000a8 $d
/var/folders/lp/0dm50ddn51vc39svyzv_6fp00000gn/T//ccPQEcwo.s:266    .text:00000000000000ac $t
/var/folders/lp/0dm50ddn51vc39svyzv_6fp00000gn/T//ccPQEcwo.s:271    .text:00000000000000ac EXTI_GetFlagStatus
/var/folders/lp/0dm50ddn51vc39svyzv_6fp00000gn/T//ccPQEcwo.s:294    .text:00000000000000bc $d
/var/folders/lp/0dm50ddn51vc39svyzv_6fp00000gn/T//ccPQEcwo.s:298    .text:00000000000000c0 $t
/var/folders/lp/0dm50ddn51vc39svyzv_6fp00000gn/T//ccPQEcwo.s:303    .text:00000000000000c0 EXTI_ClearFlag
/var/folders/lp/0dm50ddn51vc39svyzv_6fp00000gn/T//ccPQEcwo.s:315    .text:00000000000000c8 $d
/var/folders/lp/0dm50ddn51vc39svyzv_6fp00000gn/T//ccPQEcwo.s:319    .text:00000000000000cc $t
/var/folders/lp/0dm50ddn51vc39svyzv_6fp00000gn/T//ccPQEcwo.s:324    .text:00000000000000cc EXTI_GetITStatus
/var/folders/lp/0dm50ddn51vc39svyzv_6fp00000gn/T//ccPQEcwo.s:357    .text:00000000000000e4 $d
/var/folders/lp/0dm50ddn51vc39svyzv_6fp00000gn/T//ccPQEcwo.s:361    .text:00000000000000e8 $t
/var/folders/lp/0dm50ddn51vc39svyzv_6fp00000gn/T//ccPQEcwo.s:366    .text:00000000000000e8 EXTI_ClearITPendingBit
/var/folders/lp/0dm50ddn51vc39svyzv_6fp00000gn/T//ccPQEcwo.s:381    .text:00000000000000f0 $d
                     .debug_frame:0000000000000010 $d

NO UNDEFINED SYMBOLS
